Using pre-set license
Built from '2022.3/staging' branch; Version is '2022.3.10f1 (ff3792e53c62) revision 16725906'; Using compiler version '192829333'; Build Type 'Release'
OS: 'Windows 11  (10.0.22631) 64bit Professional' Language: 'es' Physical Memory: 32617 MB
BatchMode: 1, IsHumanControllingUs: 0, StartBugReporterOnCrash: 0, Is64bit: 1, IsPro: 1

COMMAND LINE ARGUMENTS:
C:\Program Files\Unity\Hub\Unity 2022.3.10f1\Editor\Unity.exe
-adb2
-batchMode
-noUpm
-name
AssetImportWorker4
-projectPath
C:/Users/PC/Documents/GitHub/AudioProject/Game/AudioProject
-logFile
Logs/AssetImportWorker4.log
-srvPort
54064
Successfully changed project path to: C:/Users/PC/Documents/GitHub/AudioProject/Game/AudioProject
C:/Users/PC/Documents/GitHub/AudioProject/Game/AudioProject
[UnityMemory] Configuration Parameters - Can be set up in boot.config
    "memorysetup-bucket-allocator-granularity=16"
    "memorysetup-bucket-allocator-bucket-count=8"
    "memorysetup-bucket-allocator-block-size=33554432"
    "memorysetup-bucket-allocator-block-count=8"
    "memorysetup-main-allocator-block-size=16777216"
    "memorysetup-thread-allocator-block-size=16777216"
    "memorysetup-gfx-main-allocator-block-size=16777216"
    "memorysetup-gfx-thread-allocator-block-size=16777216"
    "memorysetup-cache-allocator-block-size=4194304"
    "memorysetup-typetree-allocator-block-size=2097152"
    "memorysetup-profiler-bucket-allocator-granularity=16"
    "memorysetup-profiler-bucket-allocator-bucket-count=8"
    "memorysetup-profiler-bucket-allocator-block-size=33554432"
    "memorysetup-profiler-bucket-allocator-block-count=8"
    "memorysetup-profiler-allocator-block-size=16777216"
    "memorysetup-profiler-editor-allocator-block-size=1048576"
    "memorysetup-temp-allocator-size-main=16777216"
    "memorysetup-job-temp-allocator-block-size=2097152"
    "memorysetup-job-temp-allocator-block-size-background=1048576"
    "memorysetup-job-temp-allocator-reduction-small-platforms=262144"
    "memorysetup-allocator-temp-initial-block-size-main=262144"
    "memorysetup-allocator-temp-initial-block-size-worker=262144"
    "memorysetup-temp-allocator-size-background-worker=32768"
    "memorysetup-temp-allocator-size-job-worker=262144"
    "memorysetup-temp-allocator-size-preload-manager=33554432"
    "memorysetup-temp-allocator-size-nav-mesh-worker=65536"
    "memorysetup-temp-allocator-size-audio-worker=65536"
    "memorysetup-temp-allocator-size-cloud-worker=32768"
    "memorysetup-temp-allocator-size-gi-baking-worker=262144"
    "memorysetup-temp-allocator-size-gfx=262144"
Player connection [12232] Host "[IP] 192.168.1.14 [Port] 0 [Flags] 2 [Guid] 4086358571 [EditorId] 4086358571 [Version] 1048832 [Id] WindowsEditor(7,ROG-DAVIDO) [Debug] 1 [PackageName] WindowsEditor [ProjectName] Editor" joined multi-casting on [225.0.0.222:54997]...

Player connection [12232] Host "[IP] 192.168.1.14 [Port] 0 [Flags] 2 [Guid] 4086358571 [EditorId] 4086358571 [Version] 1048832 [Id] WindowsEditor(7,ROG-DAVIDO) [Debug] 1 [PackageName] WindowsEditor [ProjectName] Editor" joined alternative multi-casting on [225.0.0.222:34997]...

[Physics::Module] Initialized MultithreadedJobDispatcher with 11 workers.
Refreshing native plugins compatible for Editor in 15.33 ms, found 3 plugins.
Preloading 0 native plugins for Editor in 0.00 ms.
Initialize engine version: 2022.3.10f1 (ff3792e53c62)
[Subsystems] Discovering subsystems at path C:/Program Files/Unity/Hub/Unity 2022.3.10f1/Editor/Data/Resources/UnitySubsystems
[Subsystems] Discovering subsystems at path C:/Users/PC/Documents/GitHub/AudioProject/Game/AudioProject/Assets
GfxDevice: creating device client; threaded=0; jobified=0
Direct3D:
    Version:  Direct3D 11.0 [level 11.1]
    Renderer: NVIDIA GeForce RTX 2060 (ID=0x1f11)
    Vendor:   NVIDIA
    VRAM:     5955 MB
    Driver:   31.0.15.5212
Initialize mono
Mono path[0] = 'C:/Program Files/Unity/Hub/Unity 2022.3.10f1/Editor/Data/Managed'
Mono path[1] = 'C:/Program Files/Unity/Hub/Unity 2022.3.10f1/Editor/Data/MonoBleedingEdge/lib/mono/unityjit-win32'
Mono config path = 'C:/Program Files/Unity/Hub/Unity 2022.3.10f1/Editor/Data/MonoBleedingEdge/etc'
Using monoOptions --debugger-agent=transport=dt_socket,embedding=1,server=y,suspend=n,address=127.0.0.1:56504
Begin MonoManager ReloadAssembly
Registering precompiled unity dll's ...
Register platform support module: C:/Program Files/Unity/Hub/Unity 2022.3.10f1/Editor/Data/PlaybackEngines/WindowsStandaloneSupport/UnityEditor.WindowsStandalone.Extensions.dll
Registered in 0.009791 seconds.
- Loaded All Assemblies, in  0.568 seconds
Native extension for WindowsStandalone target not found
Mono: successfully reloaded assembly
- Finished resetting the current domain, in  0.290 seconds
Domain Reload Profiling: 855ms
	BeginReloadAssembly (214ms)
		ExecutionOrderSort (0ms)
		DisableScriptedObjects (0ms)
		BackupInstance (0ms)
		ReleaseScriptingObjects (0ms)
		CreateAndSetChildDomain (1ms)
	RebuildCommonClasses (57ms)
	RebuildNativeTypeToScriptingClass (14ms)
	initialDomainReloadingComplete (78ms)
	LoadAllAssembliesAndSetupDomain (200ms)
		LoadAssemblies (211ms)
		RebuildTransferFunctionScriptingTraits (0ms)
		AnalyzeDomain (197ms)
			TypeCache.Refresh (196ms)
				TypeCache.ScanAssembly (180ms)
			ScanForSourceGeneratedMonoScriptInfo (0ms)
			ResolveRequiredComponents (0ms)
	FinalizeReload (290ms)
		ReleaseScriptCaches (0ms)
		RebuildScriptCaches (0ms)
		SetupLoadedEditorAssemblies (223ms)
			LogAssemblyErrors (0ms)
			InitializePlatformSupportModulesInManaged (11ms)
			SetLoadedEditorAssemblies (8ms)
			RefreshPlugins (0ms)
			BeforeProcessingInitializeOnLoad (2ms)
			ProcessInitializeOnLoadAttributes (142ms)
			ProcessInitializeOnLoadMethodAttributes (60ms)
			AfterProcessingInitializeOnLoad (0ms)
			EditorAssembliesLoaded (0ms)
		ExecutionOrderSort2 (0ms)
		AwakeInstancesAfterBackupRestoration (0ms)
========================================================================
Worker process is ready to serve import requests
Begin MonoManager ReloadAssembly
- Loaded All Assemblies, in  0.951 seconds
Refreshing native plugins compatible for Editor in 4.28 ms, found 3 plugins.
Native extension for WindowsStandalone target not found
Package Manager log level set to [2]
[Package Manager] Server::EnsureServerProcessIsRunning -- launch failed, reason: Unity was launched with the -noUpm command-line argument
[Package Manager] UpmClient::Send -- Unable to send message (not connected to UPM process).
[Package Manager] Cannot connect to Unity Package Manager local server
Mono: successfully reloaded assembly
- Finished resetting the current domain, in  0.763 seconds
Domain Reload Profiling: 1711ms
	BeginReloadAssembly (188ms)
		ExecutionOrderSort (0ms)
		DisableScriptedObjects (7ms)
		BackupInstance (0ms)
		ReleaseScriptingObjects (0ms)
		CreateAndSetChildDomain (22ms)
	RebuildCommonClasses (44ms)
	RebuildNativeTypeToScriptingClass (18ms)
	initialDomainReloadingComplete (53ms)
	LoadAllAssembliesAndSetupDomain (644ms)
		LoadAssemblies (459ms)
		RebuildTransferFunctionScriptingTraits (0ms)
		AnalyzeDomain (298ms)
			TypeCache.Refresh (261ms)
				TypeCache.ScanAssembly (239ms)
			ScanForSourceGeneratedMonoScriptInfo (31ms)
			ResolveRequiredComponents (4ms)
	FinalizeReload (763ms)
		ReleaseScriptCaches (0ms)
		RebuildScriptCaches (0ms)
		SetupLoadedEditorAssemblies (584ms)
			LogAssemblyErrors (0ms)
			InitializePlatformSupportModulesInManaged (7ms)
			SetLoadedEditorAssemblies (3ms)
			RefreshPlugins (0ms)
			BeforeProcessingInitializeOnLoad (69ms)
			ProcessInitializeOnLoadAttributes (466ms)
			ProcessInitializeOnLoadMethodAttributes (27ms)
			AfterProcessingInitializeOnLoad (11ms)
			EditorAssembliesLoaded (0ms)
		ExecutionOrderSort2 (0ms)
		AwakeInstancesAfterBackupRestoration (11ms)
Launched and connected shader compiler UnityShaderCompiler.exe after 0.08 seconds
Refreshing native plugins compatible for Editor in 6.43 ms, found 3 plugins.
Preloading 0 native plugins for Editor in 0.00 ms.
Unloading 3286 Unused Serialized files (Serialized files now loaded: 0)
Unloading 53 unused Assets / (41.9 MB). Loaded Objects now: 3763.
Memory consumption went from 143.9 MB to 102.0 MB.
Total: 7.561500 ms (FindLiveObjects: 0.376900 ms CreateObjectMapping: 0.345900 ms MarkObjects: 6.404500 ms  DeleteObjects: 0.432500 ms)

AssetImportParameters requested are different than current active one (requested -> active):
  custom:container-demuxer-ogg: 62fdf1f143b41e24485cea50d1cbac27 -> 
  custom:video-decoder-ogg-theora: a1e56fd34408186e4bbccfd4996cb3dc -> 
  custom:framework-win-MediaFoundation: 216162199b28c13a410421893ffa2e32 -> 
  custom:CustomObjectIndexerAttribute: 756ad292c208cfabdd7b50bc23989ffe -> 
  custom:container-demuxer-webm: 4f35f7cbe854078d1ac9338744f61a02 -> 
  custom:container-muxer-webm: aa71ff27fc2769a1b78a27578f13a17b -> 
  custom:video-decoder-webm-vp8: 9c59270c3fd7afecdb556c50c9e8de78 -> 
  custom:SearchIndexIgnoredProperties: e643bd26f0fe6173181afceb89e7c659 -> 
  custom:AudioImporter_EditorPlatform: d09bf68614088b80899f8185d706f6e7 -> 
  custom:video-encoder-webm-vp8: eb34c28f22e8b96e1ab97ce403110664 -> 
  custom:audio-decoder-ogg-vorbis: bf7c407c2cedff20999df2af8eb42d56 -> 
  custom:audio-encoder-webm-vorbis: bf7c407c2cedff20999df2af8eb42d56 -> 
========================================================================
Received Import Request.
  Time since last request: 25987.617462 seconds.
  path: Assets/Piloto Studio/Campfire And Torches Pack
  artifactKey: Guid(d90e648c3f1d62841b4cf06f7e7d6fa4) Importer(815301076,1909f56bfc062723c751e8b465ee728b)
Start importing Assets/Piloto Studio/Campfire And Torches Pack using Guid(d90e648c3f1d62841b4cf06f7e7d6fa4) Importer(815301076,1909f56bfc062723c751e8b465ee728b)  -> (artifact id: '5ed96387fdb30d6a3f79ba34def6ca4d') in 0.002581 seconds
Number of updated asset objects reloaded before import = 0
Number of asset objects unloaded after import = 0
========================================================================
Received Import Request.
  Time since last request: 1.405131 seconds.
  path: Assets/Piloto Studio/Campfire And Torches Pack/Models
  artifactKey: Guid(0fe0b923dc943244db6a33b3fefa9b89) Importer(815301076,1909f56bfc062723c751e8b465ee728b)
Start importing Assets/Piloto Studio/Campfire And Torches Pack/Models using Guid(0fe0b923dc943244db6a33b3fefa9b89) Importer(815301076,1909f56bfc062723c751e8b465ee728b)  -> (artifact id: '988276e683d952346082b99c7889b416') in 0.000616 seconds
Number of updated asset objects reloaded before import = 0
Number of asset objects unloaded after import = 0
========================================================================
Received Import Request.
  Time since last request: 0.059991 seconds.
  path: Assets/Piloto Studio/Campfire And Torches Pack/Models/SM_campfire_001.fbx
  artifactKey: Guid(7bdf6515110869142b46bac661edc2c4) Importer(815301076,1909f56bfc062723c751e8b465ee728b)
Start importing Assets/Piloto Studio/Campfire And Torches Pack/Models/SM_campfire_001.fbx using Guid(7bdf6515110869142b46bac661edc2c4) Importer(815301076,1909f56bfc062723c751e8b465ee728b)  -> (artifact id: '0abc19eb8e97343c214e0e203c23148c') in 0.236050 seconds
Number of updated asset objects reloaded before import = 0
Number of asset objects unloaded after import = 7
========================================================================
Received Import Request.
  Time since last request: 46.451178 seconds.
  path: Assets/Piloto Studio/Materials
  artifactKey: Guid(54cfd690ac20e804aa6fd8f26555b2de) Importer(815301076,1909f56bfc062723c751e8b465ee728b)
Start importing Assets/Piloto Studio/Materials using Guid(54cfd690ac20e804aa6fd8f26555b2de) Importer(815301076,1909f56bfc062723c751e8b465ee728b)  -> (artifact id: '7362273afef614a3f5ccb1205fe57873') in 0.000551 seconds
Number of updated asset objects reloaded before import = 0
Number of asset objects unloaded after import = 0
========================================================================
Received Import Request.
  Time since last request: 0.062348 seconds.
  path: Assets/Piloto Studio/Materials/InfiniteBG.mat
  artifactKey: Guid(052219e11157d584e8d7926740967e53) Importer(815301076,1909f56bfc062723c751e8b465ee728b)
Start importing Assets/Piloto Studio/Materials/InfiniteBG.mat using Guid(052219e11157d584e8d7926740967e53) Importer(815301076,1909f56bfc062723c751e8b465ee728b)  -> (artifact id: '475c6f4b82eafca36c22e82842e29660') in 0.031224 seconds
Number of updated asset objects reloaded before import = 0
Number of asset objects unloaded after import = 1
========================================================================
Received Import Request.
  Time since last request: 1.432286 seconds.
  path: Assets/Piloto Studio/Materials/Shared
  artifactKey: Guid(1a4112254f09f954facfedc2d5d4d1d9) Importer(815301076,1909f56bfc062723c751e8b465ee728b)
Start importing Assets/Piloto Studio/Materials/Shared using Guid(1a4112254f09f954facfedc2d5d4d1d9) Importer(815301076,1909f56bfc062723c751e8b465ee728b)  -> (artifact id: '9fb25e60ce2ab238f2d811ba840aa586') in 0.000749 seconds
Number of updated asset objects reloaded before import = 0
Number of asset objects unloaded after import = 0
========================================================================
Received Import Request.
  Time since last request: 0.132063 seconds.
  path: Assets/Piloto Studio/Materials/Shared/Crescent_Halftone_Add.mat
  artifactKey: Guid(317ba7a97ed5e4042ab1256c58c27cbb) Importer(815301076,1909f56bfc062723c751e8b465ee728b)
Start importing Assets/Piloto Studio/Materials/Shared/Crescent_Halftone_Add.mat using Guid(317ba7a97ed5e4042ab1256c58c27cbb) Importer(815301076,1909f56bfc062723c751e8b465ee728b)  -> (artifact id: '36cb7233473e929a7c1d554ce9f5091d') in 0.013404 seconds
Number of updated asset objects reloaded before import = 0
Number of asset objects unloaded after import = 3
========================================================================
Received Import Request.
  Time since last request: 0.000014 seconds.
  path: Assets/Piloto Studio/Materials/Shared/FuzzballAdditive_Soft.mat
  artifactKey: Guid(fe3cf806fe8bf5f428e3b2c55ee9b62d) Importer(815301076,1909f56bfc062723c751e8b465ee728b)
Start importing Assets/Piloto Studio/Materials/Shared/FuzzballAdditive_Soft.mat using Guid(fe3cf806fe8bf5f428e3b2c55ee9b62d) Importer(815301076,1909f56bfc062723c751e8b465ee728b)  -> (artifact id: 'b6c7816cae1f58c9edba38afe7b3d8ec') in 0.014100 seconds
Number of updated asset objects reloaded before import = 0
Number of asset objects unloaded after import = 1
========================================================================
Received Import Request.
  Time since last request: 0.000015 seconds.
  path: Assets/Piloto Studio/Materials/Shared/Trail_WispyGeneric_Alpha.mat
  artifactKey: Guid(6d95f135eac26bf4889c3c742e537054) Importer(815301076,1909f56bfc062723c751e8b465ee728b)
Start importing Assets/Piloto Studio/Materials/Shared/Trail_WispyGeneric_Alpha.mat using Guid(6d95f135eac26bf4889c3c742e537054) Importer(815301076,1909f56bfc062723c751e8b465ee728b)  -> (artifact id: 'e3d8e5fae66683d8ae3325d9825d6896') in 0.039299 seconds
Number of updated asset objects reloaded before import = 0
Number of asset objects unloaded after import = 5
========================================================================
Received Import Request.
  Time since last request: 0.000017 seconds.
  path: Assets/Piloto Studio/Materials/Shared/Nokdef_Add_Soft.mat
  artifactKey: Guid(0be78bf978781af409a4d472d84b88af) Importer(815301076,1909f56bfc062723c751e8b465ee728b)
Start importing Assets/Piloto Studio/Materials/Shared/Nokdef_Add_Soft.mat using Guid(0be78bf978781af409a4d472d84b88af) Importer(815301076,1909f56bfc062723c751e8b465ee728b)  -> (artifact id: 'f99a24ce8ec3259d3eabc03769c29e05') in 0.013145 seconds
Number of updated asset objects reloaded before import = 0
Number of asset objects unloaded after import = 1
========================================================================
Received Import Request.
  Time since last request: 1.965185 seconds.
  path: Assets/Piloto Studio/Materials/Fire
  artifactKey: Guid(50f09acc3c6b9b24db590e3f705dc915) Importer(815301076,1909f56bfc062723c751e8b465ee728b)
Start importing Assets/Piloto Studio/Materials/Fire using Guid(50f09acc3c6b9b24db590e3f705dc915) Importer(815301076,1909f56bfc062723c751e8b465ee728b)  -> (artifact id: '4a561aca3e8903977b22c43bc5de48fd') in 0.000539 seconds
Number of updated asset objects reloaded before import = 0
Number of asset objects unloaded after import = 0
========================================================================
Received Import Request.
  Time since last request: 0.070821 seconds.
  path: Assets/Piloto Studio/Materials/Fire/Fire_AlphaDistort_Ramped.mat
  artifactKey: Guid(4c22687df48f4573ae3212f91df3e52b) Importer(815301076,1909f56bfc062723c751e8b465ee728b)
Start importing Assets/Piloto Studio/Materials/Fire/Fire_AlphaDistort_Ramped.mat using Guid(4c22687df48f4573ae3212f91df3e52b) Importer(815301076,1909f56bfc062723c751e8b465ee728b)  -> (artifact id: '1b9730dad4d2b31156a67623ee73f6bb') in 0.008895 seconds
Number of updated asset objects reloaded before import = 0
Number of asset objects unloaded after import = 3
========================================================================
Received Import Request.
  Time since last request: 4.766538 seconds.
  path: Assets/Piloto Studio/Models
  artifactKey: Guid(118f610682de8904c89d8651567325e1) Importer(815301076,1909f56bfc062723c751e8b465ee728b)
Start importing Assets/Piloto Studio/Models using Guid(118f610682de8904c89d8651567325e1) Importer(815301076,1909f56bfc062723c751e8b465ee728b)  -> (artifact id: 'a328da6e34cb8f7a0006dba353e16db6') in 0.000635 seconds
Number of updated asset objects reloaded before import = 0
Number of asset objects unloaded after import = 0
========================================================================
Received Import Request.
  Time since last request: 0.143536 seconds.
  path: Assets/Piloto Studio/Models/InfiniteBackground_Better.fbx
  artifactKey: Guid(02dc0b1040ca5f641a20727cbc314b66) Importer(815301076,1909f56bfc062723c751e8b465ee728b)
Start importing Assets/Piloto Studio/Models/InfiniteBackground_Better.fbx using Guid(02dc0b1040ca5f641a20727cbc314b66) Importer(815301076,1909f56bfc062723c751e8b465ee728b)  -> (artifact id: 'a6cdd0c9cd4f69024623fafcff0b7854') in 0.030185 seconds
Number of updated asset objects reloaded before import = 0
Number of asset objects unloaded after import = 7
========================================================================
Received Import Request.
  Time since last request: 2.887603 seconds.
  path: Assets/Piloto Studio/Readme
  artifactKey: Guid(7830d8d4c97318342a47fa44c0746cb5) Importer(815301076,1909f56bfc062723c751e8b465ee728b)
Start importing Assets/Piloto Studio/Readme using Guid(7830d8d4c97318342a47fa44c0746cb5) Importer(815301076,1909f56bfc062723c751e8b465ee728b)  -> (artifact id: 'b1bd183fbf8c7b53a9af144372c63197') in 0.000586 seconds
Number of updated asset objects reloaded before import = 0
Number of asset objects unloaded after import = 0
========================================================================
Received Import Request.
  Time since last request: 0.135427 seconds.
  path: Assets/Piloto Studio/Readme/Piloto_Logo.png
  artifactKey: Guid(fb699b540497d184d955ea64cf02db66) Importer(815301076,1909f56bfc062723c751e8b465ee728b)
Start importing Assets/Piloto Studio/Readme/Piloto_Logo.png using Guid(fb699b540497d184d955ea64cf02db66) Importer(815301076,1909f56bfc062723c751e8b465ee728b)  -> (artifact id: '15a8340656bc8cc5adc0374aadfe4348') in 0.032932 seconds
Number of updated asset objects reloaded before import = 0
Number of asset objects unloaded after import = 2
========================================================================
Received Import Request.
  Time since last request: 3.321980 seconds.
  path: Assets/Piloto Studio/Textures
  artifactKey: Guid(806acd1dc1d9fea499e34089ba48e539) Importer(815301076,1909f56bfc062723c751e8b465ee728b)
Start importing Assets/Piloto Studio/Textures using Guid(806acd1dc1d9fea499e34089ba48e539) Importer(815301076,1909f56bfc062723c751e8b465ee728b)  -> (artifact id: '3f5e3698bd6f3995c8ac398b132453d1') in 0.000578 seconds
Number of updated asset objects reloaded before import = 0
Number of asset objects unloaded after import = 0
========================================================================
Received Import Request.
  Time since last request: 0.045498 seconds.
  path: Assets/Piloto Studio/Textures/FireNoise.png
  artifactKey: Guid(204e24b3132c6754abe847f62aa2807b) Importer(815301076,1909f56bfc062723c751e8b465ee728b)
Start importing Assets/Piloto Studio/Textures/FireNoise.png using Guid(204e24b3132c6754abe847f62aa2807b) Importer(815301076,1909f56bfc062723c751e8b465ee728b)  -> (artifact id: '40cdf78dfddb5e3eaca5b8c98a6c188b') in 0.029853 seconds
Number of updated asset objects reloaded before import = 0
Number of asset objects unloaded after import = 2
========================================================================
Received Import Request.
  Time since last request: 0.000021 seconds.
  path: Assets/Piloto Studio/Textures/PackedNoises_Generic.png
  artifactKey: Guid(3ac70e7ced6d23946ac37f602b2bc573) Importer(815301076,1909f56bfc062723c751e8b465ee728b)
Start importing Assets/Piloto Studio/Textures/PackedNoises_Generic.png using Guid(3ac70e7ced6d23946ac37f602b2bc573) Importer(815301076,1909f56bfc062723c751e8b465ee728b)  -> (artifact id: '97f5935c136d33b36111f239933ebe8c') in 0.035273 seconds
Number of updated asset objects reloaded before import = 0
Number of asset objects unloaded after import = 2
========================================================================
Received Import Request.
  Time since last request: 0.000031 seconds.
  path: Assets/Piloto Studio/Textures/Trail_WispyGeneric.png
  artifactKey: Guid(4dd4c93f487c05b4f84c39a956be86e9) Importer(815301076,1909f56bfc062723c751e8b465ee728b)
Start importing Assets/Piloto Studio/Textures/Trail_WispyGeneric.png using Guid(4dd4c93f487c05b4f84c39a956be86e9) Importer(815301076,1909f56bfc062723c751e8b465ee728b)  -> (artifact id: 'b2d5453cef131c756379a0c6e506f4c1') in 0.020324 seconds
Number of updated asset objects reloaded before import = 0
Number of asset objects unloaded after import = 2
========================================================================
Received Import Request.
  Time since last request: 7.457562 seconds.
  path: Assets/New Terrain.asset
  artifactKey: Guid(06a97aef70282f5438b7aa08d0a1a975) Importer(815301076,1909f56bfc062723c751e8b465ee728b)
Start importing Assets/New Terrain.asset using Guid(06a97aef70282f5438b7aa08d0a1a975) Importer(815301076,1909f56bfc062723c751e8b465ee728b) The tree MSH_tdFV_Grass_3_Med must use the Nature/Soft Occlusion shader. Otherwise billboarding/lighting will not work correctly.
 -> (artifact id: '3a3f440c2b03d2f55684d4d811305326') in 0.067621 seconds
Number of updated asset objects reloaded before import = 0
Number of asset objects unloaded after import = 35
========================================================================
Received Import Request.
  Time since last request: 3.949013 seconds.
  path: Assets/Piloto Studio
  artifactKey: Guid(78796a507b2a85845ab13c22f8884586) Importer(815301076,1909f56bfc062723c751e8b465ee728b)
Start importing Assets/Piloto Studio using Guid(78796a507b2a85845ab13c22f8884586) Importer(815301076,1909f56bfc062723c751e8b465ee728b)  -> (artifact id: 'dfde6a51f4be0f83a7158680b38e5fbd') in 0.000992 seconds
Number of updated asset objects reloaded before import = 0
Number of asset objects unloaded after import = 0
========================================================================
Received Prepare
Begin MonoManager ReloadAssembly
- Loaded All Assemblies, in  0.652 seconds
Refreshing native plugins compatible for Editor in 5.52 ms, found 3 plugins.
Native extension for WindowsStandalone target not found
[Package Manager] Server::EnsureServerProcessIsRunning -- launch failed, reason: Unity was launched with the -noUpm command-line argument
[Package Manager] UpmClient::Send -- Unable to send message (not connected to UPM process).
[Package Manager] Cannot connect to Unity Package Manager local server
Mono: successfully reloaded assembly
- Finished resetting the current domain, in  1.299 seconds
Domain Reload Profiling: 1946ms
	BeginReloadAssembly (258ms)
		ExecutionOrderSort (0ms)
		DisableScriptedObjects (7ms)
		BackupInstance (0ms)
		ReleaseScriptingObjects (0ms)
		CreateAndSetChildDomain (57ms)
	RebuildCommonClasses (45ms)
	RebuildNativeTypeToScriptingClass (20ms)
	initialDomainReloadingComplete (37ms)
	LoadAllAssembliesAndSetupDomain (287ms)
		LoadAssemblies (391ms)
		RebuildTransferFunctionScriptingTraits (0ms)
		AnalyzeDomain (31ms)
			TypeCache.Refresh (14ms)
				TypeCache.ScanAssembly (0ms)
			ScanForSourceGeneratedMonoScriptInfo (8ms)
			ResolveRequiredComponents (6ms)
	FinalizeReload (1299ms)
		ReleaseScriptCaches (0ms)
		RebuildScriptCaches (0ms)
		SetupLoadedEditorAssemblies (529ms)
			LogAssemblyErrors (0ms)
			InitializePlatformSupportModulesInManaged (8ms)
			SetLoadedEditorAssemblies (5ms)
			RefreshPlugins (0ms)
			BeforeProcessingInitializeOnLoad (80ms)
			ProcessInitializeOnLoadAttributes (397ms)
			ProcessInitializeOnLoadMethodAttributes (27ms)
			AfterProcessingInitializeOnLoad (11ms)
			EditorAssembliesLoaded (0ms)
		ExecutionOrderSort2 (0ms)
		AwakeInstancesAfterBackupRestoration (11ms)
Refreshing native plugins compatible for Editor in 4.49 ms, found 3 plugins.
Preloading 0 native plugins for Editor in 0.00 ms.
Unloading 3235 Unused Serialized files (Serialized files now loaded: 0)
Unloading 36 unused Assets / (1.3 MB). Loaded Objects now: 3811.
Memory consumption went from 138.9 MB to 137.7 MB.
Total: 3.080700 ms (FindLiveObjects: 0.264100 ms CreateObjectMapping: 0.239100 ms MarkObjects: 2.293100 ms  DeleteObjects: 0.283400 ms)

Prepare: number of updated asset objects reloaded= 0
AssetImportParameters requested are different than current active one (requested -> active):
  custom:container-demuxer-ogg: 62fdf1f143b41e24485cea50d1cbac27 -> 
  custom:video-decoder-ogg-theora: a1e56fd34408186e4bbccfd4996cb3dc -> 
  custom:framework-win-MediaFoundation: 216162199b28c13a410421893ffa2e32 -> 
  custom:CustomObjectIndexerAttribute: 756ad292c208cfabdd7b50bc23989ffe -> 
  custom:container-demuxer-webm: 4f35f7cbe854078d1ac9338744f61a02 -> 
  custom:container-muxer-webm: aa71ff27fc2769a1b78a27578f13a17b -> 
  custom:video-decoder-webm-vp8: 9c59270c3fd7afecdb556c50c9e8de78 -> 
  custom:SearchIndexIgnoredProperties: e643bd26f0fe6173181afceb89e7c659 -> 
  custom:AudioImporter_EditorPlatform: d09bf68614088b80899f8185d706f6e7 -> 
  custom:video-encoder-webm-vp8: eb34c28f22e8b96e1ab97ce403110664 -> 
  custom:audio-decoder-ogg-vorbis: bf7c407c2cedff20999df2af8eb42d56 -> 
  custom:audio-encoder-webm-vorbis: bf7c407c2cedff20999df2af8eb42d56 -> 
========================================================================
Received Import Request.
  Time since last request: 21.994813 seconds.
  path: Assets/Scenes
  artifactKey: Guid(eac5a44d2fddff64aafe327884e125df) Importer(815301076,1909f56bfc062723c751e8b465ee728b)
Start importing Assets/Scenes using Guid(eac5a44d2fddff64aafe327884e125df) Importer(815301076,1909f56bfc062723c751e8b465ee728b)  -> (artifact id: 'b90e1a0e07b6b5916ec4f888518384ae') in 0.005017 seconds
Number of updated asset objects reloaded before import = 0
Number of asset objects unloaded after import = 0
========================================================================
Received Import Request.
  Time since last request: 17.994988 seconds.
  path: Assets/TriForge Assets/Top Down - Common Files/Textures/Terrain/T_Grass_1_Terrain_N.png
  artifactKey: Guid(764d33adb088f084eb7ca073e7ce396b) Importer(815301076,1909f56bfc062723c751e8b465ee728b)
Start importing Assets/TriForge Assets/Top Down - Common Files/Textures/Terrain/T_Grass_1_Terrain_N.png using Guid(764d33adb088f084eb7ca073e7ce396b) Importer(815301076,1909f56bfc062723c751e8b465ee728b)  -> (artifact id: 'de5cb80320929b85b006ab44b84696ac') in 0.064327 seconds
Number of updated asset objects reloaded before import = 0
Number of asset objects unloaded after import = 2
========================================================================
Received Import Request.
  Time since last request: 1.377607 seconds.
  path: Assets/TriForge Assets/Top Down - Common Files/Textures/Terrain/T_Soil_2_Terrain_N.png
  artifactKey: Guid(8dd67c8fef0cd834ab314d82eacec4c7) Importer(815301076,1909f56bfc062723c751e8b465ee728b)
Start importing Assets/TriForge Assets/Top Down - Common Files/Textures/Terrain/T_Soil_2_Terrain_N.png using Guid(8dd67c8fef0cd834ab314d82eacec4c7) Importer(815301076,1909f56bfc062723c751e8b465ee728b)  -> (artifact id: '7244deeef7a1d006c961c24061f78a07') in 0.034978 seconds
Number of updated asset objects reloaded before import = 0
Number of asset objects unloaded after import = 2
========================================================================
Received Import Request.
  Time since last request: 3.176295 seconds.
  path: Assets/TriForge Assets/Top Down - Common Files/Shaders
  artifactKey: Guid(b8e31c3a7a06ef1419dfde734bdbc617) Importer(815301076,1909f56bfc062723c751e8b465ee728b)
Start importing Assets/TriForge Assets/Top Down - Common Files/Shaders using Guid(b8e31c3a7a06ef1419dfde734bdbc617) Importer(815301076,1909f56bfc062723c751e8b465ee728b)  -> (artifact id: 'a46bd09d4320c4b6d38f7d5b4acccdee') in 0.000794 seconds
Number of updated asset objects reloaded before import = 0
Number of asset objects unloaded after import = 0
========================================================================
Received Import Request.
  Time since last request: 0.877583 seconds.
  path: Assets/TriForge Assets/Top Down - Common Files/Shaders/TreeTopDown.shader
  artifactKey: Guid(ea001a2ead151434690a5ea05c3eaceb) Importer(815301076,1909f56bfc062723c751e8b465ee728b)
Start importing Assets/TriForge Assets/Top Down - Common Files/Shaders/TreeTopDown.shader using Guid(ea001a2ead151434690a5ea05c3eaceb) Importer(815301076,1909f56bfc062723c751e8b465ee728b)  -> (artifact id: '470b12894af952bb60f2959d03d1e801') in 0.000769 seconds
Number of updated asset objects reloaded before import = 0
Number of asset objects unloaded after import = 0
========================================================================
Received Prepare
Begin MonoManager ReloadAssembly
- Loaded All Assemblies, in  0.540 seconds
Refreshing native plugins compatible for Editor in 4.32 ms, found 3 plugins.
Native extension for WindowsStandalone target not found
[ScriptCompilation] NOT recompiling all scripts because this is an import worker process. Reason to compile was: Define symbols changed
[Package Manager] Server::EnsureServerProcessIsRunning -- launch failed, reason: Unity was launched with the -noUpm command-line argument
[Package Manager] UpmClient::Send -- Unable to send message (not connected to UPM process).
[Package Manager] Cannot connect to Unity Package Manager local server
Mono: successfully reloaded assembly
- Finished resetting the current domain, in  1.241 seconds
Domain Reload Profiling: 1777ms
	BeginReloadAssembly (204ms)
		ExecutionOrderSort (0ms)
		DisableScriptedObjects (6ms)
		BackupInstance (0ms)
		ReleaseScriptingObjects (0ms)
		CreateAndSetChildDomain (42ms)
	RebuildCommonClasses (37ms)
	RebuildNativeTypeToScriptingClass (12ms)
	initialDomainReloadingComplete (35ms)
	LoadAllAssembliesAndSetupDomain (247ms)
		LoadAssemblies (342ms)
		RebuildTransferFunctionScriptingTraits (0ms)
		AnalyzeDomain (24ms)
			TypeCache.Refresh (11ms)
				TypeCache.ScanAssembly (2ms)
			ScanForSourceGeneratedMonoScriptInfo (8ms)
			ResolveRequiredComponents (5ms)
	FinalizeReload (1242ms)
		ReleaseScriptCaches (0ms)
		RebuildScriptCaches (0ms)
		SetupLoadedEditorAssemblies (653ms)
			LogAssemblyErrors (0ms)
			InitializePlatformSupportModulesInManaged (7ms)
			SetLoadedEditorAssemblies (6ms)
			RefreshPlugins (0ms)
			BeforeProcessingInitializeOnLoad (73ms)
			ProcessInitializeOnLoadAttributes (522ms)
			ProcessInitializeOnLoadMethodAttributes (32ms)
			AfterProcessingInitializeOnLoad (12ms)
			EditorAssembliesLoaded (0ms)
		ExecutionOrderSort2 (0ms)
		AwakeInstancesAfterBackupRestoration (11ms)
Refreshing native plugins compatible for Editor in 7.59 ms, found 3 plugins.
Preloading 0 native plugins for Editor in 0.00 ms.
Unloading 3368 Unused Serialized files (Serialized files now loaded: 0)
Unloading 72 unused Assets / (4.7 MB). Loaded Objects now: 3910.
Memory consumption went from 151.3 MB to 146.6 MB.
Total: 6.633600 ms (FindLiveObjects: 0.371900 ms CreateObjectMapping: 0.284000 ms MarkObjects: 4.116000 ms  DeleteObjects: 1.838100 ms)

Prepare: number of updated asset objects reloaded= 0
AssetImportParameters requested are different than current active one (requested -> active):
  custom:container-demuxer-ogg: 62fdf1f143b41e24485cea50d1cbac27 -> 
  custom:video-decoder-ogg-theora: a1e56fd34408186e4bbccfd4996cb3dc -> 
  custom:framework-win-MediaFoundation: 216162199b28c13a410421893ffa2e32 -> 
  custom:CustomObjectIndexerAttribute: 756ad292c208cfabdd7b50bc23989ffe -> 
  custom:container-demuxer-webm: 4f35f7cbe854078d1ac9338744f61a02 -> 
  custom:container-muxer-webm: aa71ff27fc2769a1b78a27578f13a17b -> 
  custom:video-decoder-webm-vp8: 9c59270c3fd7afecdb556c50c9e8de78 -> 
  custom:SearchIndexIgnoredProperties: e643bd26f0fe6173181afceb89e7c659 -> 
  custom:AudioImporter_EditorPlatform: d09bf68614088b80899f8185d706f6e7 -> 
  custom:video-encoder-webm-vp8: eb34c28f22e8b96e1ab97ce403110664 -> 
  custom:audio-decoder-ogg-vorbis: bf7c407c2cedff20999df2af8eb42d56 -> 
  custom:audio-encoder-webm-vorbis: bf7c407c2cedff20999df2af8eb42d56 -> 
========================================================================
Received Prepare
Begin MonoManager ReloadAssembly
- Loaded All Assemblies, in  0.595 seconds
Refreshing native plugins compatible for Editor in 4.73 ms, found 3 plugins.
Native extension for WindowsStandalone target not found
[ScriptCompilation] NOT recompiling all scripts because this is an import worker process. Reason to compile was: Define symbols changed
[Package Manager] Server::EnsureServerProcessIsRunning -- launch failed, reason: Unity was launched with the -noUpm command-line argument
[Package Manager] UpmClient::Send -- Unable to send message (not connected to UPM process).
[Package Manager] Cannot connect to Unity Package Manager local server
Mono: successfully reloaded assembly
- Finished resetting the current domain, in  1.119 seconds
Domain Reload Profiling: 1709ms
	BeginReloadAssembly (172ms)
		ExecutionOrderSort (0ms)
		DisableScriptedObjects (8ms)
		BackupInstance (0ms)
		ReleaseScriptingObjects (0ms)
		CreateAndSetChildDomain (38ms)
	RebuildCommonClasses (38ms)
	RebuildNativeTypeToScriptingClass (15ms)
	initialDomainReloadingComplete (35ms)
	LoadAllAssembliesAndSetupDomain (329ms)
		LoadAssemblies (317ms)
		RebuildTransferFunctionScriptingTraits (0ms)
		AnalyzeDomain (103ms)
			TypeCache.Refresh (81ms)
				TypeCache.ScanAssembly (71ms)
			ScanForSourceGeneratedMonoScriptInfo (13ms)
			ResolveRequiredComponents (4ms)
	FinalizeReload (1120ms)
		ReleaseScriptCaches (0ms)
		RebuildScriptCaches (0ms)
		SetupLoadedEditorAssemblies (521ms)
			LogAssemblyErrors (0ms)
			InitializePlatformSupportModulesInManaged (7ms)
			SetLoadedEditorAssemblies (5ms)
			RefreshPlugins (0ms)
			BeforeProcessingInitializeOnLoad (75ms)
			ProcessInitializeOnLoadAttributes (406ms)
			ProcessInitializeOnLoadMethodAttributes (18ms)
			AfterProcessingInitializeOnLoad (10ms)
			EditorAssembliesLoaded (0ms)
		ExecutionOrderSort2 (0ms)
		AwakeInstancesAfterBackupRestoration (8ms)
Refreshing native plugins compatible for Editor in 4.08 ms, found 3 plugins.
Preloading 0 native plugins for Editor in 0.00 ms.
Unloading 3368 Unused Serialized files (Serialized files now loaded: 0)
Unloading 72 unused Assets / (4.7 MB). Loaded Objects now: 3913.
Memory consumption went from 151.3 MB to 146.6 MB.
Total: 4.289000 ms (FindLiveObjects: 0.262800 ms CreateObjectMapping: 0.220200 ms MarkObjects: 2.715500 ms  DeleteObjects: 1.089500 ms)

Prepare: number of updated asset objects reloaded= 0
AssetImportParameters requested are different than current active one (requested -> active):
  custom:container-demuxer-ogg: 62fdf1f143b41e24485cea50d1cbac27 -> 
  custom:video-decoder-ogg-theora: a1e56fd34408186e4bbccfd4996cb3dc -> 
  custom:framework-win-MediaFoundation: 216162199b28c13a410421893ffa2e32 -> 
  custom:CustomObjectIndexerAttribute: 756ad292c208cfabdd7b50bc23989ffe -> 
  custom:container-demuxer-webm: 4f35f7cbe854078d1ac9338744f61a02 -> 
  custom:container-muxer-webm: aa71ff27fc2769a1b78a27578f13a17b -> 
  custom:video-decoder-webm-vp8: 9c59270c3fd7afecdb556c50c9e8de78 -> 
  custom:SearchIndexIgnoredProperties: e643bd26f0fe6173181afceb89e7c659 -> 
  custom:AudioImporter_EditorPlatform: d09bf68614088b80899f8185d706f6e7 -> 
  custom:video-encoder-webm-vp8: eb34c28f22e8b96e1ab97ce403110664 -> 
  custom:audio-decoder-ogg-vorbis: bf7c407c2cedff20999df2af8eb42d56 -> 
  custom:audio-encoder-webm-vorbis: bf7c407c2cedff20999df2af8eb42d56 -> 
========================================================================
Received Import Request.
  Time since last request: 296.832512 seconds.
  path: Assets/TriForge Assets/Top Down - Common Files/PP_TopDown_1 1.asset
  artifactKey: Guid(0d059e9d481cc7946903f486bd186ffc) Importer(815301076,1909f56bfc062723c751e8b465ee728b)
Start importing Assets/TriForge Assets/Top Down - Common Files/PP_TopDown_1 1.asset using Guid(0d059e9d481cc7946903f486bd186ffc) Importer(815301076,1909f56bfc062723c751e8b465ee728b)  -> (artifact id: '3ed2c2fb1c8b9ab655677a94a22b84eb') in 0.034953 seconds
Number of updated asset objects reloaded before import = 0
Number of asset objects unloaded after import = 8
========================================================================
Received Import Request.
  Time since last request: 8.305995 seconds.
  path: Assets/TriForge Assets/Top Down - Common Files/PP_TopDown_Bad.asset
  artifactKey: Guid(0d059e9d481cc7946903f486bd186ffc) Importer(815301076,1909f56bfc062723c751e8b465ee728b)
Start importing Assets/TriForge Assets/Top Down - Common Files/PP_TopDown_Bad.asset using Guid(0d059e9d481cc7946903f486bd186ffc) Importer(815301076,1909f56bfc062723c751e8b465ee728b)  -> (artifact id: '3e02d6b7858921c5afe6d67d3dde8204') in 0.001699 seconds
Number of updated asset objects reloaded before import = 0
Number of asset objects unloaded after import = 8
========================================================================
Received Import Request.
  Time since last request: 417.504026 seconds.
  path: Assets/TriForge Assets/Top Down - Common Files/PP_TopDown_Bad.asset
  artifactKey: Guid(0d059e9d481cc7946903f486bd186ffc) Importer(815301076,1909f56bfc062723c751e8b465ee728b)
Start importing Assets/TriForge Assets/Top Down - Common Files/PP_TopDown_Bad.asset using Guid(0d059e9d481cc7946903f486bd186ffc) Importer(815301076,1909f56bfc062723c751e8b465ee728b)  -> (artifact id: '065b50280d695379b3e2ff1ccb1d2fae') in 0.002631 seconds
Number of updated asset objects reloaded before import = 0
Number of asset objects unloaded after import = 8
========================================================================
Received Prepare
Begin MonoManager ReloadAssembly
- Loaded All Assemblies, in  0.528 seconds
Refreshing native plugins compatible for Editor in 4.13 ms, found 3 plugins.
Native extension for WindowsStandalone target not found
[Package Manager] Server::EnsureServerProcessIsRunning -- launch failed, reason: Unity was launched with the -noUpm command-line argument
[Package Manager] UpmClient::Send -- Unable to send message (not connected to UPM process).
[Package Manager] Cannot connect to Unity Package Manager local server
Mono: successfully reloaded assembly
- Finished resetting the current domain, in  1.099 seconds
Domain Reload Profiling: 1622ms
	BeginReloadAssembly (185ms)
		ExecutionOrderSort (0ms)
		DisableScriptedObjects (6ms)
		BackupInstance (0ms)
		ReleaseScriptingObjects (0ms)
		CreateAndSetChildDomain (39ms)
	RebuildCommonClasses (50ms)
	RebuildNativeTypeToScriptingClass (12ms)
	initialDomainReloadingComplete (35ms)
	LoadAllAssembliesAndSetupDomain (242ms)
		LoadAssemblies (325ms)
		RebuildTransferFunctionScriptingTraits (0ms)
		AnalyzeDomain (21ms)
			TypeCache.Refresh (8ms)
				TypeCache.ScanAssembly (0ms)
			ScanForSourceGeneratedMonoScriptInfo (7ms)
			ResolveRequiredComponents (5ms)
	FinalizeReload (1099ms)
		ReleaseScriptCaches (0ms)
		RebuildScriptCaches (0ms)
		SetupLoadedEditorAssemblies (499ms)
			LogAssemblyErrors (0ms)
			InitializePlatformSupportModulesInManaged (7ms)
			SetLoadedEditorAssemblies (5ms)
			RefreshPlugins (0ms)
			BeforeProcessingInitializeOnLoad (83ms)
			ProcessInitializeOnLoadAttributes (372ms)
			ProcessInitializeOnLoadMethodAttributes (22ms)
			AfterProcessingInitializeOnLoad (10ms)
			EditorAssembliesLoaded (0ms)
		ExecutionOrderSort2 (0ms)
		AwakeInstancesAfterBackupRestoration (11ms)
Refreshing native plugins compatible for Editor in 4.40 ms, found 3 plugins.
Preloading 0 native plugins for Editor in 0.00 ms.
Unloading 3374 Unused Serialized files (Serialized files now loaded: 0)
Unloading 72 unused Assets / (4.7 MB). Loaded Objects now: 3918.
Memory consumption went from 151.4 MB to 146.7 MB.
Total: 4.100300 ms (FindLiveObjects: 0.264500 ms CreateObjectMapping: 0.243700 ms MarkObjects: 2.462300 ms  DeleteObjects: 1.128600 ms)

Prepare: number of updated asset objects reloaded= 4
AssetImportParameters requested are different than current active one (requested -> active):
  custom:container-demuxer-ogg: 62fdf1f143b41e24485cea50d1cbac27 -> 
  custom:video-decoder-ogg-theora: a1e56fd34408186e4bbccfd4996cb3dc -> 
  custom:framework-win-MediaFoundation: 216162199b28c13a410421893ffa2e32 -> 
  custom:CustomObjectIndexerAttribute: 756ad292c208cfabdd7b50bc23989ffe -> 
  custom:container-demuxer-webm: 4f35f7cbe854078d1ac9338744f61a02 -> 
  custom:container-muxer-webm: aa71ff27fc2769a1b78a27578f13a17b -> 
  custom:video-decoder-webm-vp8: 9c59270c3fd7afecdb556c50c9e8de78 -> 
  custom:SearchIndexIgnoredProperties: e643bd26f0fe6173181afceb89e7c659 -> 
  custom:AudioImporter_EditorPlatform: d09bf68614088b80899f8185d706f6e7 -> 
  custom:video-encoder-webm-vp8: eb34c28f22e8b96e1ab97ce403110664 -> 
  custom:audio-decoder-ogg-vorbis: bf7c407c2cedff20999df2af8eb42d56 -> 
  custom:audio-encoder-webm-vorbis: bf7c407c2cedff20999df2af8eb42d56 -> 
========================================================================
Received Import Request.
  Time since last request: 145.121368 seconds.
  path: Assets/Piloto Studio/Readme/Scripts
  artifactKey: Guid(308c79f5cd2ce5947915c0958b55a433) Importer(815301076,1909f56bfc062723c751e8b465ee728b)
Start importing Assets/Piloto Studio/Readme/Scripts using Guid(308c79f5cd2ce5947915c0958b55a433) Importer(815301076,1909f56bfc062723c751e8b465ee728b)  -> (artifact id: '4a1bf21bdc5032a8c7e121ed432978e7') in 0.004619 seconds
Number of updated asset objects reloaded before import = 0
Number of asset objects unloaded after import = 0
========================================================================
Received Import Request.
  Time since last request: 1.553349 seconds.
  path: Assets/Piloto Studio/Readme/Scripts/Editor
  artifactKey: Guid(d397485f60cde0a46aaad5bf44567540) Importer(815301076,1909f56bfc062723c751e8b465ee728b)
Start importing Assets/Piloto Studio/Readme/Scripts/Editor using Guid(d397485f60cde0a46aaad5bf44567540) Importer(815301076,1909f56bfc062723c751e8b465ee728b)  -> (artifact id: 'db818ae7f34cdef21d05e19933919a19') in 0.000452 seconds
Number of updated asset objects reloaded before import = 0
Number of asset objects unloaded after import = 0
========================================================================
Received Import Request.
  Time since last request: 110.323071 seconds.
  path: Assets/Piloto Studio/Shaders
  artifactKey: Guid(042366328a6d5b147af9c966caa49fd5) Importer(815301076,1909f56bfc062723c751e8b465ee728b)
Start importing Assets/Piloto Studio/Shaders using Guid(042366328a6d5b147af9c966caa49fd5) Importer(815301076,1909f56bfc062723c751e8b465ee728b)  -> (artifact id: '8d74cbc7fd10994451b7fbc5342d5821') in 0.000681 seconds
Number of updated asset objects reloaded before import = 0
Number of asset objects unloaded after import = 0
========================================================================
Received Import Request.
  Time since last request: 3.803666 seconds.
  path: Assets/Piloto Studio/Shaders/Standard_Package.unitypackage
  artifactKey: Guid(98d25261f01210648933d41926dc574e) Importer(815301076,1909f56bfc062723c751e8b465ee728b)
Start importing Assets/Piloto Studio/Shaders/Standard_Package.unitypackage using Guid(98d25261f01210648933d41926dc574e) Importer(815301076,1909f56bfc062723c751e8b465ee728b)  -> (artifact id: 'c6eb35bfd614f2e176de1554882131aa') in 0.013331 seconds
Number of updated asset objects reloaded before import = 0
Number of asset objects unloaded after import = 1
========================================================================
Received Import Request.
  Time since last request: 46.611694 seconds.
  path: Assets/Piloto Studio/Materials/InfiniteBG.mat
  artifactKey: Guid(052219e11157d584e8d7926740967e53) Importer(815301076,1909f56bfc062723c751e8b465ee728b)
Start importing Assets/Piloto Studio/Materials/InfiniteBG.mat using Guid(052219e11157d584e8d7926740967e53) Importer(815301076,1909f56bfc062723c751e8b465ee728b)  -> (artifact id: '0eca0e83a86a1de87e2c41b047ecbd88') in 0.329081 seconds
Number of updated asset objects reloaded before import = 0
Number of asset objects unloaded after import = 2
========================================================================
Received Prepare
Begin MonoManager ReloadAssembly
- Loaded All Assemblies, in  0.506 seconds
Refreshing native plugins compatible for Editor in 5.02 ms, found 3 plugins.
Native extension for WindowsStandalone target not found
[Package Manager] Server::EnsureServerProcessIsRunning -- launch failed, reason: Unity was launched with the -noUpm command-line argument
[Package Manager] UpmClient::Send -- Unable to send message (not connected to UPM process).
[Package Manager] Cannot connect to Unity Package Manager local server
Mono: successfully reloaded assembly
- Finished resetting the current domain, in  1.350 seconds
Domain Reload Profiling: 1852ms
	BeginReloadAssembly (176ms)
		ExecutionOrderSort (0ms)
		DisableScriptedObjects (6ms)
		BackupInstance (0ms)
		ReleaseScriptingObjects (0ms)
		CreateAndSetChildDomain (40ms)
	RebuildCommonClasses (35ms)
	RebuildNativeTypeToScriptingClass (12ms)
	initialDomainReloadingComplete (34ms)
	LoadAllAssembliesAndSetupDomain (244ms)
		LoadAssemblies (326ms)
		RebuildTransferFunctionScriptingTraits (0ms)
		AnalyzeDomain (13ms)
			TypeCache.Refresh (6ms)
				TypeCache.ScanAssembly (0ms)
			ScanForSourceGeneratedMonoScriptInfo (0ms)
			ResolveRequiredComponents (5ms)
	FinalizeReload (1351ms)
		ReleaseScriptCaches (0ms)
		RebuildScriptCaches (0ms)
		SetupLoadedEditorAssemblies (641ms)
			LogAssemblyErrors (0ms)
			InitializePlatformSupportModulesInManaged (10ms)
			SetLoadedEditorAssemblies (7ms)
			RefreshPlugins (0ms)
			BeforeProcessingInitializeOnLoad (100ms)
			ProcessInitializeOnLoadAttributes (480ms)
			ProcessInitializeOnLoadMethodAttributes (27ms)
			AfterProcessingInitializeOnLoad (15ms)
			EditorAssembliesLoaded (0ms)
		ExecutionOrderSort2 (0ms)
		AwakeInstancesAfterBackupRestoration (10ms)
Refreshing native plugins compatible for Editor in 5.70 ms, found 3 plugins.
Preloading 0 native plugins for Editor in 0.00 ms.
Unloading 3380 Unused Serialized files (Serialized files now loaded: 0)
Unloading 77 unused Assets / (11.8 MB). Loaded Objects now: 3922.
Memory consumption went from 160.5 MB to 148.7 MB.
Total: 5.581300 ms (FindLiveObjects: 0.290500 ms CreateObjectMapping: 0.416100 ms MarkObjects: 2.695000 ms  DeleteObjects: 2.178600 ms)

Prepare: number of updated asset objects reloaded= 0
AssetImportParameters requested are different than current active one (requested -> active):
  custom:container-demuxer-ogg: 62fdf1f143b41e24485cea50d1cbac27 -> 
  custom:video-decoder-ogg-theora: a1e56fd34408186e4bbccfd4996cb3dc -> 
  custom:framework-win-MediaFoundation: 216162199b28c13a410421893ffa2e32 -> 
  custom:CustomObjectIndexerAttribute: 756ad292c208cfabdd7b50bc23989ffe -> 
  custom:container-demuxer-webm: 4f35f7cbe854078d1ac9338744f61a02 -> 
  custom:container-muxer-webm: aa71ff27fc2769a1b78a27578f13a17b -> 
  custom:video-decoder-webm-vp8: 9c59270c3fd7afecdb556c50c9e8de78 -> 
  custom:SearchIndexIgnoredProperties: e643bd26f0fe6173181afceb89e7c659 -> 
  custom:AudioImporter_EditorPlatform: d09bf68614088b80899f8185d706f6e7 -> 
  custom:video-encoder-webm-vp8: eb34c28f22e8b96e1ab97ce403110664 -> 
  custom:audio-decoder-ogg-vorbis: bf7c407c2cedff20999df2af8eb42d56 -> 
  custom:audio-encoder-webm-vorbis: bf7c407c2cedff20999df2af8eb42d56 -> 
========================================================================
Received Prepare
Begin MonoManager ReloadAssembly
- Loaded All Assemblies, in  0.497 seconds
Refreshing native plugins compatible for Editor in 4.24 ms, found 3 plugins.
Native extension for WindowsStandalone target not found
[Package Manager] Server::EnsureServerProcessIsRunning -- launch failed, reason: Unity was launched with the -noUpm command-line argument
[Package Manager] UpmClient::Send -- Unable to send message (not connected to UPM process).
[Package Manager] Cannot connect to Unity Package Manager local server
Mono: successfully reloaded assembly
- Finished resetting the current domain, in  1.309 seconds
Domain Reload Profiling: 1802ms
	BeginReloadAssembly (169ms)
		ExecutionOrderSort (0ms)
		DisableScriptedObjects (6ms)
		BackupInstance (0ms)
		ReleaseScriptingObjects (0ms)
		CreateAndSetChildDomain (35ms)
	RebuildCommonClasses (49ms)
	RebuildNativeTypeToScriptingClass (12ms)
	initialDomainReloadingComplete (33ms)
	LoadAllAssembliesAndSetupDomain (229ms)
		LoadAssemblies (306ms)
		RebuildTransferFunctionScriptingTraits (0ms)
		AnalyzeDomain (15ms)
			TypeCache.Refresh (6ms)
				TypeCache.ScanAssembly (0ms)
			ScanForSourceGeneratedMonoScriptInfo (0ms)
			ResolveRequiredComponents (8ms)
	FinalizeReload (1310ms)
		ReleaseScriptCaches (0ms)
		RebuildScriptCaches (0ms)
		SetupLoadedEditorAssemblies (613ms)
			LogAssemblyErrors (0ms)
			InitializePlatformSupportModulesInManaged (10ms)
			SetLoadedEditorAssemblies (4ms)
			RefreshPlugins (0ms)
			BeforeProcessingInitializeOnLoad (87ms)
			ProcessInitializeOnLoadAttributes (471ms)
			ProcessInitializeOnLoadMethodAttributes (28ms)
			AfterProcessingInitializeOnLoad (13ms)
			EditorAssembliesLoaded (0ms)
		ExecutionOrderSort2 (0ms)
		AwakeInstancesAfterBackupRestoration (12ms)
Refreshing native plugins compatible for Editor in 5.52 ms, found 3 plugins.
Preloading 0 native plugins for Editor in 0.00 ms.
Unloading 3379 Unused Serialized files (Serialized files now loaded: 0)
Unloading 77 unused Assets / (11.8 MB). Loaded Objects now: 3925.
Memory consumption went from 160.3 MB to 148.5 MB.
Total: 7.049800 ms (FindLiveObjects: 0.312500 ms CreateObjectMapping: 0.384200 ms MarkObjects: 4.106400 ms  DeleteObjects: 2.245700 ms)

Prepare: number of updated asset objects reloaded= 0
AssetImportParameters requested are different than current active one (requested -> active):
  custom:container-demuxer-ogg: 62fdf1f143b41e24485cea50d1cbac27 -> 
  custom:video-decoder-ogg-theora: a1e56fd34408186e4bbccfd4996cb3dc -> 
  custom:framework-win-MediaFoundation: 216162199b28c13a410421893ffa2e32 -> 
  custom:CustomObjectIndexerAttribute: 756ad292c208cfabdd7b50bc23989ffe -> 
  custom:container-demuxer-webm: 4f35f7cbe854078d1ac9338744f61a02 -> 
  custom:container-muxer-webm: aa71ff27fc2769a1b78a27578f13a17b -> 
  custom:video-decoder-webm-vp8: 9c59270c3fd7afecdb556c50c9e8de78 -> 
  custom:SearchIndexIgnoredProperties: e643bd26f0fe6173181afceb89e7c659 -> 
  custom:AudioImporter_EditorPlatform: d09bf68614088b80899f8185d706f6e7 -> 
  custom:video-encoder-webm-vp8: eb34c28f22e8b96e1ab97ce403110664 -> 
  custom:audio-decoder-ogg-vorbis: bf7c407c2cedff20999df2af8eb42d56 -> 
  custom:audio-encoder-webm-vorbis: bf7c407c2cedff20999df2af8eb42d56 -> 
========================================================================
Received Import Request.
  Time since last request: 599.784883 seconds.
  path: Assets/TriForge Assets/Top Down - Common Files/Scripts
  artifactKey: Guid(34bc7b35777184943b5b32b9ab295c06) Importer(815301076,1909f56bfc062723c751e8b465ee728b)
Start importing Assets/TriForge Assets/Top Down - Common Files/Scripts using Guid(34bc7b35777184943b5b32b9ab295c06) Importer(815301076,1909f56bfc062723c751e8b465ee728b)  -> (artifact id: '8efa462790349c38c5758feea2f533a6') in 0.007780 seconds
Number of updated asset objects reloaded before import = 0
Number of asset objects unloaded after import = 0
========================================================================
Received Import Request.
  Time since last request: 8.369210 seconds.
  path: Assets/TriForge Assets/Top Down - Fantasy Village/Prefabs/Doodats
  artifactKey: Guid(1870ee8fa53200d47bc6675f9e920f79) Importer(815301076,1909f56bfc062723c751e8b465ee728b)
Start importing Assets/TriForge Assets/Top Down - Fantasy Village/Prefabs/Doodats using Guid(1870ee8fa53200d47bc6675f9e920f79) Importer(815301076,1909f56bfc062723c751e8b465ee728b)  -> (artifact id: '98c4a8b0a7bc47f559505a739e4decf0') in 0.000624 seconds
Number of updated asset objects reloaded before import = 0
Number of asset objects unloaded after import = 0
========================================================================
Received Import Request.
  Time since last request: 0.153201 seconds.
  path: Assets/TriForge Assets/Top Down - Fantasy Village/Prefabs/Doodats/P_tdFV_Furn_Table_Set_1.prefab
  artifactKey: Guid(914833647c1e6e6449c4db2ebf4ea986) Importer(815301076,1909f56bfc062723c751e8b465ee728b)
Start importing Assets/TriForge Assets/Top Down - Fantasy Village/Prefabs/Doodats/P_tdFV_Furn_Table_Set_1.prefab using Guid(914833647c1e6e6449c4db2ebf4ea986) Importer(815301076,1909f56bfc062723c751e8b465ee728b)  -> (artifact id: '3c01037bbc4aab49a2b78bd3efd3eb3a') in 0.119162 seconds
Number of updated asset objects reloaded before import = 0
Number of asset objects unloaded after import = 16
========================================================================
Received Import Request.
  Time since last request: 0.000020 seconds.
  path: Assets/TriForge Assets/Top Down - Fantasy Village/Prefabs/Doodats/P_tdFV_Pottery_Group_1.prefab
  artifactKey: Guid(c7e345ccf6404c14b8efefcea3a78c5a) Importer(815301076,1909f56bfc062723c751e8b465ee728b)
Start importing Assets/TriForge Assets/Top Down - Fantasy Village/Prefabs/Doodats/P_tdFV_Pottery_Group_1.prefab using Guid(c7e345ccf6404c14b8efefcea3a78c5a) Importer(815301076,1909f56bfc062723c751e8b465ee728b)  -> (artifact id: 'bcf4b0bed2e580ad0e4777ff69f4c661') in 0.042917 seconds
Number of updated asset objects reloaded before import = 0
Number of asset objects unloaded after import = 21
========================================================================
Received Import Request.
  Time since last request: 7.245309 seconds.
  path: Assets/TriForge Assets/Top Down - Fantasy Village/Prefabs/Buildings
  artifactKey: Guid(5dee013000cd9d443adc333a198e494b) Importer(815301076,1909f56bfc062723c751e8b465ee728b)
Start importing Assets/TriForge Assets/Top Down - Fantasy Village/Prefabs/Buildings using Guid(5dee013000cd9d443adc333a198e494b) Importer(815301076,1909f56bfc062723c751e8b465ee728b)  -> (artifact id: 'd22c047bd1cca3f5f05fded400e6e219') in 0.000705 seconds
Number of updated asset objects reloaded before import = 0
Number of asset objects unloaded after import = 0
========================================================================
Received Import Request.
  Time since last request: 0.098544 seconds.
  path: Assets/TriForge Assets/Top Down - Fantasy Village/Prefabs/Buildings/P_tdFV_House_2.prefab
  artifactKey: Guid(20fd58908964a98489eaec57f4f74fd4) Importer(815301076,1909f56bfc062723c751e8b465ee728b)
Start importing Assets/TriForge Assets/Top Down - Fantasy Village/Prefabs/Buildings/P_tdFV_House_2.prefab using Guid(20fd58908964a98489eaec57f4f74fd4) Importer(815301076,1909f56bfc062723c751e8b465ee728b)  -> (artifact id: 'acbc53a28b7d8edbf6498d8dc8ea3155') in 0.061955 seconds
Number of updated asset objects reloaded before import = 0
Number of asset objects unloaded after import = 36
========================================================================
Received Import Request.
  Time since last request: 4.166526 seconds.
  path: Assets/TriForge Assets/Top Down - Fantasy Village/Prefabs/Rocks
  artifactKey: Guid(7b66d6af41641d84c8af1673f0e11d8f) Importer(815301076,1909f56bfc062723c751e8b465ee728b)
Start importing Assets/TriForge Assets/Top Down - Fantasy Village/Prefabs/Rocks using Guid(7b66d6af41641d84c8af1673f0e11d8f) Importer(815301076,1909f56bfc062723c751e8b465ee728b)  -> (artifact id: 'aa784f007f627bacec1f41787166562c') in 0.001013 seconds
Number of updated asset objects reloaded before import = 0
Number of asset objects unloaded after import = 0
========================================================================
Received Import Request.
  Time since last request: 0.147792 seconds.
  path: Assets/TriForge Assets/Top Down - Fantasy Village/Prefabs/Rocks/P_tdFV_Rock_3.prefab
  artifactKey: Guid(07ca537aafb7fb441bc97c919feab602) Importer(815301076,1909f56bfc062723c751e8b465ee728b)
Start importing Assets/TriForge Assets/Top Down - Fantasy Village/Prefabs/Rocks/P_tdFV_Rock_3.prefab using Guid(07ca537aafb7fb441bc97c919feab602) Importer(815301076,1909f56bfc062723c751e8b465ee728b)  -> (artifact id: 'faa2270aad601289ebabb8859b94a491') in 0.115937 seconds
Number of updated asset objects reloaded before import = 0
Number of asset objects unloaded after import = 27
========================================================================
Received Prepare
Begin MonoManager ReloadAssembly
- Loaded All Assemblies, in  0.500 seconds
Refreshing native plugins compatible for Editor in 4.31 ms, found 3 plugins.
Native extension for WindowsStandalone target not found
[Package Manager] Server::EnsureServerProcessIsRunning -- launch failed, reason: Unity was launched with the -noUpm command-line argument
[Package Manager] UpmClient::Send -- Unable to send message (not connected to UPM process).
[Package Manager] Cannot connect to Unity Package Manager local server
Mono: successfully reloaded assembly
- Finished resetting the current domain, in  1.254 seconds
Domain Reload Profiling: 1750ms
	BeginReloadAssembly (169ms)
		ExecutionOrderSort (0ms)
		DisableScriptedObjects (5ms)
		BackupInstance (0ms)
		ReleaseScriptingObjects (0ms)
		CreateAndSetChildDomain (37ms)
	RebuildCommonClasses (36ms)
	RebuildNativeTypeToScriptingClass (12ms)
	initialDomainReloadingComplete (33ms)
	LoadAllAssembliesAndSetupDomain (246ms)
		LoadAssemblies (321ms)
		RebuildTransferFunctionScriptingTraits (0ms)
		AnalyzeDomain (17ms)
			TypeCache.Refresh (9ms)
				TypeCache.ScanAssembly (0ms)
			ScanForSourceGeneratedMonoScriptInfo (0ms)
			ResolveRequiredComponents (6ms)
	FinalizeReload (1255ms)
		ReleaseScriptCaches (0ms)
		RebuildScriptCaches (0ms)
		SetupLoadedEditorAssemblies (602ms)
			LogAssemblyErrors (0ms)
			InitializePlatformSupportModulesInManaged (9ms)
			SetLoadedEditorAssemblies (5ms)
			RefreshPlugins (0ms)
			BeforeProcessingInitializeOnLoad (88ms)
			ProcessInitializeOnLoadAttributes (460ms)
			ProcessInitializeOnLoadMethodAttributes (27ms)
			AfterProcessingInitializeOnLoad (13ms)
			EditorAssembliesLoaded (0ms)
		ExecutionOrderSort2 (0ms)
		AwakeInstancesAfterBackupRestoration (11ms)
Refreshing native plugins compatible for Editor in 4.89 ms, found 3 plugins.
Preloading 0 native plugins for Editor in 0.00 ms.
Unloading 3379 Unused Serialized files (Serialized files now loaded: 0)
Unloading 77 unused Assets / (11.8 MB). Loaded Objects now: 3928.
Memory consumption went from 160.3 MB to 148.5 MB.
Total: 6.012600 ms (FindLiveObjects: 0.454700 ms CreateObjectMapping: 0.414900 ms MarkObjects: 3.203500 ms  DeleteObjects: 1.938100 ms)

Prepare: number of updated asset objects reloaded= 0
AssetImportParameters requested are different than current active one (requested -> active):
  custom:container-demuxer-ogg: 62fdf1f143b41e24485cea50d1cbac27 -> 
  custom:video-decoder-ogg-theora: a1e56fd34408186e4bbccfd4996cb3dc -> 
  custom:framework-win-MediaFoundation: 216162199b28c13a410421893ffa2e32 -> 
  custom:CustomObjectIndexerAttribute: 756ad292c208cfabdd7b50bc23989ffe -> 
  custom:container-demuxer-webm: 4f35f7cbe854078d1ac9338744f61a02 -> 
  custom:container-muxer-webm: aa71ff27fc2769a1b78a27578f13a17b -> 
  custom:video-decoder-webm-vp8: 9c59270c3fd7afecdb556c50c9e8de78 -> 
  custom:SearchIndexIgnoredProperties: e643bd26f0fe6173181afceb89e7c659 -> 
  custom:AudioImporter_EditorPlatform: d09bf68614088b80899f8185d706f6e7 -> 
  custom:video-encoder-webm-vp8: eb34c28f22e8b96e1ab97ce403110664 -> 
  custom:audio-decoder-ogg-vorbis: bf7c407c2cedff20999df2af8eb42d56 -> 
  custom:audio-encoder-webm-vorbis: bf7c407c2cedff20999df2af8eb42d56 -> 
========================================================================
Received Import Request.
  Time since last request: 294.835721 seconds.
  path: Assets/Scenes/SampleScene.unity
  artifactKey: Guid(9fc0d4010bbf28b4594072e72b8655ab) Importer(815301076,1909f56bfc062723c751e8b465ee728b)
Start importing Assets/Scenes/SampleScene.unity using Guid(9fc0d4010bbf28b4594072e72b8655ab) Importer(815301076,1909f56bfc062723c751e8b465ee728b)  -> (artifact id: '978769888f2f1e2a2cf6d7aeb746a33d') in 0.005526 seconds
Number of updated asset objects reloaded before import = 0
Number of asset objects unloaded after import = 0
========================================================================
Received Import Request.
  Time since last request: 7.477856 seconds.
  path: Assets/Scenes/Audio.unity
  artifactKey: Guid(9fc0d4010bbf28b4594072e72b8655ab) Importer(815301076,1909f56bfc062723c751e8b465ee728b)
Start importing Assets/Scenes/Audio.unity using Guid(9fc0d4010bbf28b4594072e72b8655ab) Importer(815301076,1909f56bfc062723c751e8b465ee728b)  -> (artifact id: '8b2823334e4cba8da9c63e096cb709d8') in 0.000516 seconds
Number of updated asset objects reloaded before import = 0
Number of asset objects unloaded after import = 0
========================================================================
Received Import Request.
  Time since last request: 482.266105 seconds.
  path: Assets/SkySeries Freebie/6sidedCosmicCoolCloud.mat
  artifactKey: Guid(f531e09e2ad2fb440b4eed7605863143) Importer(815301076,1909f56bfc062723c751e8b465ee728b)
Start importing Assets/SkySeries Freebie/6sidedCosmicCoolCloud.mat using Guid(f531e09e2ad2fb440b4eed7605863143) Importer(815301076,1909f56bfc062723c751e8b465ee728b)  -> (artifact id: '3ed47b8072256f68579acdbdcfbf527e') in 0.310421 seconds
Number of updated asset objects reloaded before import = 0
Number of asset objects unloaded after import = 7
========================================================================
Received Import Request.
  Time since last request: 0.000021 seconds.
  path: Assets/SkySeries Freebie/HighFantasy.mat
  artifactKey: Guid(e2341a9d03e86ec4290c72b1e22bbc7c) Importer(815301076,1909f56bfc062723c751e8b465ee728b)
Start importing Assets/SkySeries Freebie/HighFantasy.mat using Guid(e2341a9d03e86ec4290c72b1e22bbc7c) Importer(815301076,1909f56bfc062723c751e8b465ee728b)  -> (artifact id: 'ea7c5d353d207b94f9aab858037de47d') in 0.090448 seconds
Number of updated asset objects reloaded before import = 0
Number of asset objects unloaded after import = 2
========================================================================
Received Import Request.
  Time since last request: 0.000045 seconds.
  path: Assets/SkySeries Freebie/UnearthlyRed.mat
  artifactKey: Guid(5d133deeaa66ed445853e946ff25e073) Importer(815301076,1909f56bfc062723c751e8b465ee728b)
Start importing Assets/SkySeries Freebie/UnearthlyRed.mat using Guid(5d133deeaa66ed445853e946ff25e073) Importer(815301076,1909f56bfc062723c751e8b465ee728b)  -> (artifact id: 'ef94515abbe2a495102834f33d5d8645') in 0.061773 seconds
Number of updated asset objects reloaded before import = 0
Number of asset objects unloaded after import = 2
========================================================================
Received Import Request.
  Time since last request: 0.000018 seconds.
  path: Assets/SkySeries Freebie/6SidedMegaSun.mat
  artifactKey: Guid(c52c5d7968fa6c9499b0b5752f899bfb) Importer(815301076,1909f56bfc062723c751e8b465ee728b)
Start importing Assets/SkySeries Freebie/6SidedMegaSun.mat using Guid(c52c5d7968fa6c9499b0b5752f899bfb) Importer(815301076,1909f56bfc062723c751e8b465ee728b)  -> (artifact id: 'be0c70a2d6d7de6866052a51e2907a4d') in 0.034993 seconds
Number of updated asset objects reloaded before import = 0
Number of asset objects unloaded after import = 7
========================================================================
Received Import Request.
  Time since last request: 0.000015 seconds.
  path: Assets/SkySeries Freebie/Cloudymorning.mat
  artifactKey: Guid(d9dca9ae1786c394f9e79c637aa9a7bf) Importer(815301076,1909f56bfc062723c751e8b465ee728b)
Start importing Assets/SkySeries Freebie/Cloudymorning.mat using Guid(d9dca9ae1786c394f9e79c637aa9a7bf) Importer(815301076,1909f56bfc062723c751e8b465ee728b)  -> (artifact id: 'c64f75d7bad86ec2cd9177f198361f4b') in 0.045453 seconds
Number of updated asset objects reloaded before import = 0
Number of asset objects unloaded after import = 2
========================================================================
Received Import Request.
  Time since last request: 0.000023 seconds.
  path: Assets/SkySeries Freebie/CoriolisNight4k.mat
  artifactKey: Guid(d4454f71d85928744be7771e2143dab7) Importer(815301076,1909f56bfc062723c751e8b465ee728b)
Start importing Assets/SkySeries Freebie/CoriolisNight4k.mat using Guid(d4454f71d85928744be7771e2143dab7) Importer(815301076,1909f56bfc062723c751e8b465ee728b)  -> (artifact id: 'd9c91f1797028c576c12352a354fdbcf') in 0.045025 seconds
Number of updated asset objects reloaded before import = 0
Number of asset objects unloaded after import = 2
========================================================================
Received Import Request.
  Time since last request: 0.000017 seconds.
  path: Assets/SkySeries Freebie/DarkStorm.mat
  artifactKey: Guid(2039a0ad0a9d05549928b70362f54902) Importer(815301076,1909f56bfc062723c751e8b465ee728b)
Start importing Assets/SkySeries Freebie/DarkStorm.mat using Guid(2039a0ad0a9d05549928b70362f54902) Importer(815301076,1909f56bfc062723c751e8b465ee728b)  -> (artifact id: 'f0c9c362a542804a067d3a993c4f4339') in 0.049133 seconds
Number of updated asset objects reloaded before import = 0
Number of asset objects unloaded after import = 2
========================================================================
Received Import Request.
  Time since last request: 0.000043 seconds.
  path: Assets/SkySeries Freebie/AmbienceExposure.mat
  artifactKey: Guid(72deae4d18418f94688abef8e8483df0) Importer(815301076,1909f56bfc062723c751e8b465ee728b)
Start importing Assets/SkySeries Freebie/AmbienceExposure.mat using Guid(72deae4d18418f94688abef8e8483df0) Importer(815301076,1909f56bfc062723c751e8b465ee728b)  -> (artifact id: '72c806f693c2d52fe34f3f7b08708ace') in 0.051197 seconds
Number of updated asset objects reloaded before import = 0
Number of asset objects unloaded after import = 2
========================================================================
Received Import Request.
  Time since last request: 0.000045 seconds.
  path: Assets/SkySeries Freebie/FluffballDay.mat
  artifactKey: Guid(20d4f77b9022eab48b4d94599ed4bf82) Importer(815301076,1909f56bfc062723c751e8b465ee728b)
Start importing Assets/SkySeries Freebie/FluffballDay.mat using Guid(20d4f77b9022eab48b4d94599ed4bf82) Importer(815301076,1909f56bfc062723c751e8b465ee728b)  -> (artifact id: 'ea6aedfecf61790e3debb249a8d15929') in 0.042571 seconds
Number of updated asset objects reloaded before import = 0
Number of asset objects unloaded after import = 2
========================================================================
Received Import Request.
  Time since last request: 0.000021 seconds.
  path: Assets/SkySeries Freebie/MegaSun.mat
  artifactKey: Guid(cede08c9fc471e64884909cd4bbeaf59) Importer(815301076,1909f56bfc062723c751e8b465ee728b)
Start importing Assets/SkySeries Freebie/MegaSun.mat using Guid(cede08c9fc471e64884909cd4bbeaf59) Importer(815301076,1909f56bfc062723c751e8b465ee728b)  -> (artifact id: '76190b590b0643da86823bd086fdd8cb') in 0.038240 seconds
Number of updated asset objects reloaded before import = 0
Number of asset objects unloaded after import = 2
========================================================================
Received Import Request.
  Time since last request: 5.177446 seconds.
  path: Assets/SkySeries Freebie/FreebieHdri/AmbienceExposure4k.hdr
  artifactKey: Guid(c9bc6cdb7a2e78b4c85ae74715b0a355) Importer(815301076,1909f56bfc062723c751e8b465ee728b)
Start importing Assets/SkySeries Freebie/FreebieHdri/AmbienceExposure4k.hdr using Guid(c9bc6cdb7a2e78b4c85ae74715b0a355) Importer(815301076,1909f56bfc062723c751e8b465ee728b)  -> (artifact id: '7725fd808100e7a2e240916fec11f03e') in 0.104794 seconds
Number of updated asset objects reloaded before import = 0
Number of asset objects unloaded after import = 1
========================================================================
Received Import Request.
  Time since last request: 0.000040 seconds.
  path: Assets/SkySeries Freebie/FreebieHdri/FluffballDayLeft.hdr
  artifactKey: Guid(a78d8299279fda54098aca1c72ecfae1) Importer(815301076,1909f56bfc062723c751e8b465ee728b)
Start importing Assets/SkySeries Freebie/FreebieHdri/FluffballDayLeft.hdr using Guid(a78d8299279fda54098aca1c72ecfae1) Importer(815301076,1909f56bfc062723c751e8b465ee728b)  -> (artifact id: 'b6c403a6d9e98ddebdc912bcb8d3e1b2') in 0.042508 seconds
Number of updated asset objects reloaded before import = 0
Number of asset objects unloaded after import = 2
========================================================================
Received Import Request.
  Time since last request: 0.000024 seconds.
  path: Assets/SkySeries Freebie/FreebieHdri/FluffballDayTop.hdr
  artifactKey: Guid(c769857dc541ab7449d1352d7ff46ce8) Importer(815301076,1909f56bfc062723c751e8b465ee728b)
Start importing Assets/SkySeries Freebie/FreebieHdri/FluffballDayTop.hdr using Guid(c769857dc541ab7449d1352d7ff46ce8) Importer(815301076,1909f56bfc062723c751e8b465ee728b)  -> (artifact id: '9900292db95da1f9d26c1c595718cdea') in 0.036352 seconds
Number of updated asset objects reloaded before import = 0
Number of asset objects unloaded after import = 2
========================================================================
Received Import Request.
  Time since last request: 0.000014 seconds.
  path: Assets/SkySeries Freebie/FreebieHdri/CosmicCoolCloudRight.hdr
  artifactKey: Guid(438e868ac8cccca4e81873838a67c003) Importer(815301076,1909f56bfc062723c751e8b465ee728b)
Start importing Assets/SkySeries Freebie/FreebieHdri/CosmicCoolCloudRight.hdr using Guid(438e868ac8cccca4e81873838a67c003) Importer(815301076,1909f56bfc062723c751e8b465ee728b)  -> (artifact id: '861cc8d54db80102cc882c50a279731b') in 0.028745 seconds
Number of updated asset objects reloaded before import = 0
Number of asset objects unloaded after import = 2
========================================================================
Received Import Request.
  Time since last request: 0.000226 seconds.
  path: Assets/SkySeries Freebie/FreebieHdri/CosmicCoolCloudLeft.hdr
  artifactKey: Guid(740f96d568f4f3e40b049c40f11603e5) Importer(815301076,1909f56bfc062723c751e8b465ee728b)
Start importing Assets/SkySeries Freebie/FreebieHdri/CosmicCoolCloudLeft.hdr using Guid(740f96d568f4f3e40b049c40f11603e5) Importer(815301076,1909f56bfc062723c751e8b465ee728b)  -> (artifact id: '3e20182d42436d4f680926e6e19e3e54') in 0.036844 seconds
Number of updated asset objects reloaded before import = 0
Number of asset objects unloaded after import = 2
========================================================================
Received Import Request.
  Time since last request: 0.000021 seconds.
  path: Assets/SkySeries Freebie/FreebieHdri/MegaSunFront.hdr
  artifactKey: Guid(b915aaf1fa7dbd54a9e60e42712933a9) Importer(815301076,1909f56bfc062723c751e8b465ee728b)
Start importing Assets/SkySeries Freebie/FreebieHdri/MegaSunFront.hdr using Guid(b915aaf1fa7dbd54a9e60e42712933a9) Importer(815301076,1909f56bfc062723c751e8b465ee728b)  -> (artifact id: 'd083f551d209b19fa7b05a4e408b2fdd') in 0.027400 seconds
Number of updated asset objects reloaded before import = 0
Number of asset objects unloaded after import = 2
========================================================================
Received Import Request.
  Time since last request: 0.000021 seconds.
  path: Assets/SkySeries Freebie/FreebieHdri/UnderTheSea4k.hdr
  artifactKey: Guid(26cddb2a3a1bc804d8e9ca09b109793a) Importer(815301076,1909f56bfc062723c751e8b465ee728b)
Start importing Assets/SkySeries Freebie/FreebieHdri/UnderTheSea4k.hdr using Guid(26cddb2a3a1bc804d8e9ca09b109793a) Importer(815301076,1909f56bfc062723c751e8b465ee728b)  -> (artifact id: '76c866a1d72a6ed9e84b6f870dceb298') in 0.064088 seconds
Number of updated asset objects reloaded before import = 0
Number of asset objects unloaded after import = 1
========================================================================
Received Import Request.
  Time since last request: 0.000026 seconds.
  path: Assets/SkySeries Freebie/FreebieHdri/SkyhighFluffycloudField4k.hdr
  artifactKey: Guid(18a0be10f0f64ac4c9f679d68e2cf857) Importer(815301076,1909f56bfc062723c751e8b465ee728b)
Start importing Assets/SkySeries Freebie/FreebieHdri/SkyhighFluffycloudField4k.hdr using Guid(18a0be10f0f64ac4c9f679d68e2cf857) Importer(815301076,1909f56bfc062723c751e8b465ee728b)  -> (artifact id: 'af3a09792e66e5a540fc11dce6958767') in 0.061422 seconds
Number of updated asset objects reloaded before import = 0
Number of asset objects unloaded after import = 1
========================================================================
Received Import Request.
  Time since last request: 0.000038 seconds.
  path: Assets/SkySeries Freebie/FreebieHdri/FluffballDayBottom.hdr
  artifactKey: Guid(42e0664ae4c5c424ebcd980a10687e18) Importer(815301076,1909f56bfc062723c751e8b465ee728b)
Start importing Assets/SkySeries Freebie/FreebieHdri/FluffballDayBottom.hdr using Guid(42e0664ae4c5c424ebcd980a10687e18) Importer(815301076,1909f56bfc062723c751e8b465ee728b)  -> (artifact id: '0902288541de217ff2bbebacba22ce96') in 0.032932 seconds
Number of updated asset objects reloaded before import = 0
Number of asset objects unloaded after import = 2
========================================================================
Received Import Request.
  Time since last request: 0.000048 seconds.
  path: Assets/SkySeries Freebie/FreebieHdri/FluffballDay4k.hdr
  artifactKey: Guid(3e80b688af9b1d84ea52c5d36bb1cbbd) Importer(815301076,1909f56bfc062723c751e8b465ee728b)
Start importing Assets/SkySeries Freebie/FreebieHdri/FluffballDay4k.hdr using Guid(3e80b688af9b1d84ea52c5d36bb1cbbd) Importer(815301076,1909f56bfc062723c751e8b465ee728b)  -> (artifact id: '61b457ac20efac4ec70634ae190cff0b') in 0.053108 seconds
Number of updated asset objects reloaded before import = 0
Number of asset objects unloaded after import = 1
========================================================================
Received Import Request.
  Time since last request: 41.321869 seconds.
  path: Assets/SkySeries Freebie/FreebieHdri
  artifactKey: Guid(d78fe5a22bec38d43bbe7e846ac3925a) Importer(815301076,1909f56bfc062723c751e8b465ee728b)
Start importing Assets/SkySeries Freebie/FreebieHdri using Guid(d78fe5a22bec38d43bbe7e846ac3925a) Importer(815301076,1909f56bfc062723c751e8b465ee728b)  -> (artifact id: 'b73c9420183901d71f814914a8b4b472') in 0.000611 seconds
Number of updated asset objects reloaded before import = 0
Number of asset objects unloaded after import = 0
========================================================================
Received Import Request.
  Time since last request: 39.303064 seconds.
  path: Assets/SkySeries Freebie/Hdri setup.txt
  artifactKey: Guid(add36ebe5ee5af347a876cdf41d00709) Importer(815301076,1909f56bfc062723c751e8b465ee728b)
Start importing Assets/SkySeries Freebie/Hdri setup.txt using Guid(add36ebe5ee5af347a876cdf41d00709) Importer(815301076,1909f56bfc062723c751e8b465ee728b)  -> (artifact id: '4677fd15d180339d4816fb0cd27f1dc2') in 0.001096 seconds
Number of updated asset objects reloaded before import = 0
Number of asset objects unloaded after import = 1
========================================================================
Received Import Request.
  Time since last request: 6.540336 seconds.
  path: Assets/SkySeries Freebie
  artifactKey: Guid(a620f3a7b3e781040bb1a78c20842da7) Importer(815301076,1909f56bfc062723c751e8b465ee728b)
Start importing Assets/SkySeries Freebie using Guid(a620f3a7b3e781040bb1a78c20842da7) Importer(815301076,1909f56bfc062723c751e8b465ee728b)  -> (artifact id: '5553452b7295df0076a9d0338ce88744') in 0.000483 seconds
Number of updated asset objects reloaded before import = 0
Number of asset objects unloaded after import = 0
========================================================================
Received Import Request.
  Time since last request: 3.529519 seconds.
  path: Assets/SkySeries Freebie/New Material.mat
  artifactKey: Guid(80d2d1a76df2de04ebaccd2339afad1b) Importer(815301076,1909f56bfc062723c751e8b465ee728b)
Start importing Assets/SkySeries Freebie/New Material.mat using Guid(80d2d1a76df2de04ebaccd2339afad1b) Importer(815301076,1909f56bfc062723c751e8b465ee728b)  -> (artifact id: '12392590df26675cafa03fbf22f30956') in 0.023586 seconds
Number of updated asset objects reloaded before import = 0
Number of asset objects unloaded after import = 1
========================================================================
Received Prepare
Begin MonoManager ReloadAssembly
- Loaded All Assemblies, in  0.500 seconds
Refreshing native plugins compatible for Editor in 4.05 ms, found 3 plugins.
Native extension for WindowsStandalone target not found
[Package Manager] Server::EnsureServerProcessIsRunning -- launch failed, reason: Unity was launched with the -noUpm command-line argument
[Package Manager] UpmClient::Send -- Unable to send message (not connected to UPM process).
[Package Manager] Cannot connect to Unity Package Manager local server
Mono: successfully reloaded assembly
- Finished resetting the current domain, in  1.342 seconds
Domain Reload Profiling: 1837ms
	BeginReloadAssembly (183ms)
		ExecutionOrderSort (0ms)
		DisableScriptedObjects (5ms)
		BackupInstance (0ms)
		ReleaseScriptingObjects (0ms)
		CreateAndSetChildDomain (37ms)
	RebuildCommonClasses (36ms)
	RebuildNativeTypeToScriptingClass (12ms)
	initialDomainReloadingComplete (34ms)
	LoadAllAssembliesAndSetupDomain (229ms)
		LoadAssemblies (319ms)
		RebuildTransferFunctionScriptingTraits (0ms)
		AnalyzeDomain (13ms)
			TypeCache.Refresh (6ms)
				TypeCache.ScanAssembly (0ms)
			ScanForSourceGeneratedMonoScriptInfo (0ms)
			ResolveRequiredComponents (5ms)
	FinalizeReload (1343ms)
		ReleaseScriptCaches (0ms)
		RebuildScriptCaches (0ms)
		SetupLoadedEditorAssemblies (604ms)
			LogAssemblyErrors (0ms)
			InitializePlatformSupportModulesInManaged (8ms)
			SetLoadedEditorAssemblies (4ms)
			RefreshPlugins (0ms)
			BeforeProcessingInitializeOnLoad (88ms)
			ProcessInitializeOnLoadAttributes (465ms)
			ProcessInitializeOnLoadMethodAttributes (26ms)
			AfterProcessingInitializeOnLoad (12ms)
			EditorAssembliesLoaded (0ms)
		ExecutionOrderSort2 (0ms)
		AwakeInstancesAfterBackupRestoration (10ms)
Refreshing native plugins compatible for Editor in 5.41 ms, found 3 plugins.
Preloading 0 native plugins for Editor in 0.00 ms.
Unloading 3379 Unused Serialized files (Serialized files now loaded: 0)
Unloading 77 unused Assets / (11.8 MB). Loaded Objects now: 3935.
Memory consumption went from 160.6 MB to 148.8 MB.
Total: 6.310800 ms (FindLiveObjects: 0.311700 ms CreateObjectMapping: 0.270700 ms MarkObjects: 3.084200 ms  DeleteObjects: 2.642900 ms)

Prepare: number of updated asset objects reloaded= 0
AssetImportParameters requested are different than current active one (requested -> active):
  custom:container-demuxer-ogg: 62fdf1f143b41e24485cea50d1cbac27 -> 
  custom:video-decoder-ogg-theora: a1e56fd34408186e4bbccfd4996cb3dc -> 
  custom:framework-win-MediaFoundation: 216162199b28c13a410421893ffa2e32 -> 
  custom:CustomObjectIndexerAttribute: 756ad292c208cfabdd7b50bc23989ffe -> 
  custom:container-demuxer-webm: 4f35f7cbe854078d1ac9338744f61a02 -> 
  custom:container-muxer-webm: aa71ff27fc2769a1b78a27578f13a17b -> 
  custom:video-decoder-webm-vp8: 9c59270c3fd7afecdb556c50c9e8de78 -> 
  custom:SearchIndexIgnoredProperties: e643bd26f0fe6173181afceb89e7c659 -> 
  custom:AudioImporter_EditorPlatform: d09bf68614088b80899f8185d706f6e7 -> 
  custom:video-encoder-webm-vp8: eb34c28f22e8b96e1ab97ce403110664 -> 
  custom:audio-decoder-ogg-vorbis: bf7c407c2cedff20999df2af8eb42d56 -> 
  custom:audio-encoder-webm-vorbis: bf7c407c2cedff20999df2af8eb42d56 -> 
========================================================================
Received Import Request.
  Time since last request: 519.246841 seconds.
  path: Assets/SkySeries Freebie/DarkStorm.mat
  artifactKey: Guid(2039a0ad0a9d05549928b70362f54902) Importer(815301076,1909f56bfc062723c751e8b465ee728b)
Start importing Assets/SkySeries Freebie/DarkStorm.mat using Guid(2039a0ad0a9d05549928b70362f54902) Importer(815301076,1909f56bfc062723c751e8b465ee728b)  -> (artifact id: 'aa8e9b556ad6eed70745785d37791b62') in 0.135712 seconds
Number of updated asset objects reloaded before import = 0
Number of asset objects unloaded after import = 2
========================================================================
Received Import Request.
  Time since last request: 0.000025 seconds.
  path: Assets/SkySeries Freebie/UnearthlyRed.mat
  artifactKey: Guid(5d133deeaa66ed445853e946ff25e073) Importer(815301076,1909f56bfc062723c751e8b465ee728b)
Start importing Assets/SkySeries Freebie/UnearthlyRed.mat using Guid(5d133deeaa66ed445853e946ff25e073) Importer(815301076,1909f56bfc062723c751e8b465ee728b)  -> (artifact id: 'ce3cb7c402a5d6a39f4ed602f2079d7a') in 0.060563 seconds
Number of updated asset objects reloaded before import = 0
Number of asset objects unloaded after import = 2
========================================================================
Received Import Request.
  Time since last request: 5.371186 seconds.
  path: Assets/SkySeries Freebie/ExampleScenes
  artifactKey: Guid(86425fc531d96d146b84220a347e07f7) Importer(815301076,1909f56bfc062723c751e8b465ee728b)
Start importing Assets/SkySeries Freebie/ExampleScenes using Guid(86425fc531d96d146b84220a347e07f7) Importer(815301076,1909f56bfc062723c751e8b465ee728b)  -> (artifact id: 'e59d1bf1afbe6ac9e5b8eb8dfb95d143') in 0.000660 seconds
Number of updated asset objects reloaded before import = 0
Number of asset objects unloaded after import = 0
========================================================================
Received Import Request.
  Time since last request: 4.638091 seconds.
  path: Assets/SkySeries Freebie/6sidedCosmicCoolCloud.mat
  artifactKey: Guid(f531e09e2ad2fb440b4eed7605863143) Importer(815301076,1909f56bfc062723c751e8b465ee728b)
Start importing Assets/SkySeries Freebie/6sidedCosmicCoolCloud.mat using Guid(f531e09e2ad2fb440b4eed7605863143) Importer(815301076,1909f56bfc062723c751e8b465ee728b)  -> (artifact id: 'c04905a11c78f35d7bee9f043b12e83b') in 0.055918 seconds
Number of updated asset objects reloaded before import = 0
Number of asset objects unloaded after import = 1
========================================================================
Received Import Request.
  Time since last request: 0.000021 seconds.
  path: Assets/SkySeries Freebie/HighFantasy.mat
  artifactKey: Guid(e2341a9d03e86ec4290c72b1e22bbc7c) Importer(815301076,1909f56bfc062723c751e8b465ee728b)
Start importing Assets/SkySeries Freebie/HighFantasy.mat using Guid(e2341a9d03e86ec4290c72b1e22bbc7c) Importer(815301076,1909f56bfc062723c751e8b465ee728b)  -> (artifact id: '1e42b13c3313d097658a9cd038b6669a') in 0.021078 seconds
Number of updated asset objects reloaded before import = 0
Number of asset objects unloaded after import = 1
========================================================================
Received Import Request.
  Time since last request: 0.000016 seconds.
  path: Assets/SkySeries Freebie/UnearthlyRed.mat
  artifactKey: Guid(5d133deeaa66ed445853e946ff25e073) Importer(815301076,1909f56bfc062723c751e8b465ee728b)
Start importing Assets/SkySeries Freebie/UnearthlyRed.mat using Guid(5d133deeaa66ed445853e946ff25e073) Importer(815301076,1909f56bfc062723c751e8b465ee728b)  -> (artifact id: '27abc22bca3cae11b47d84093c50fe58') in 0.033277 seconds
Number of updated asset objects reloaded before import = 0
Number of asset objects unloaded after import = 1
========================================================================
Received Import Request.
  Time since last request: 0.000018 seconds.
  path: Assets/SkySeries Freebie/6SidedMegaSun.mat
  artifactKey: Guid(c52c5d7968fa6c9499b0b5752f899bfb) Importer(815301076,1909f56bfc062723c751e8b465ee728b)
Start importing Assets/SkySeries Freebie/6SidedMegaSun.mat using Guid(c52c5d7968fa6c9499b0b5752f899bfb) Importer(815301076,1909f56bfc062723c751e8b465ee728b)  -> (artifact id: '12060981e67175dfb5cf4dfd46081b72') in 0.015837 seconds
Number of updated asset objects reloaded before import = 0
Number of asset objects unloaded after import = 1
========================================================================
Received Import Request.
  Time since last request: 0.000018 seconds.
  path: Assets/SkySeries Freebie/CoriolisNight4k.mat
  artifactKey: Guid(d4454f71d85928744be7771e2143dab7) Importer(815301076,1909f56bfc062723c751e8b465ee728b)
Start importing Assets/SkySeries Freebie/CoriolisNight4k.mat using Guid(d4454f71d85928744be7771e2143dab7) Importer(815301076,1909f56bfc062723c751e8b465ee728b)  -> (artifact id: '2853ca307fa6e9cba6e62c359c78b204') in 0.030506 seconds
Number of updated asset objects reloaded before import = 0
Number of asset objects unloaded after import = 1
========================================================================
Received Import Request.
  Time since last request: 0.000017 seconds.
  path: Assets/SkySeries Freebie/PlanetaryEarth.mat
  artifactKey: Guid(16bc8a9d5451ca44d8f70575adbece3a) Importer(815301076,1909f56bfc062723c751e8b465ee728b)
Start importing Assets/SkySeries Freebie/PlanetaryEarth.mat using Guid(16bc8a9d5451ca44d8f70575adbece3a) Importer(815301076,1909f56bfc062723c751e8b465ee728b)  -> (artifact id: '0d2ddb504851dc09de165a5c18a91b36') in 0.037960 seconds
Number of updated asset objects reloaded before import = 0
Number of asset objects unloaded after import = 1
========================================================================
Received Import Request.
  Time since last request: 0.000204 seconds.
  path: Assets/SkySeries Freebie/CosmicCoolCloud_Eq.mat
  artifactKey: Guid(369b9ebe3a62b904dbc19bd332b44086) Importer(815301076,1909f56bfc062723c751e8b465ee728b)
Start importing Assets/SkySeries Freebie/CosmicCoolCloud_Eq.mat using Guid(369b9ebe3a62b904dbc19bd332b44086) Importer(815301076,1909f56bfc062723c751e8b465ee728b)  -> (artifact id: '3fdde2bf7058d845658eecd54ef2ebd8') in 0.032580 seconds
Number of updated asset objects reloaded before import = 0
Number of asset objects unloaded after import = 1
========================================================================
Received Import Request.
  Time since last request: 0.000022 seconds.
  path: Assets/SkySeries Freebie/CloudedSunGlow.mat
  artifactKey: Guid(e391f00234292cc4f935308c11cf0e54) Importer(815301076,1909f56bfc062723c751e8b465ee728b)
Start importing Assets/SkySeries Freebie/CloudedSunGlow.mat using Guid(e391f00234292cc4f935308c11cf0e54) Importer(815301076,1909f56bfc062723c751e8b465ee728b)  -> (artifact id: '00af1580ff7f7c12537658c4e447b3cf') in 0.013442 seconds
Number of updated asset objects reloaded before import = 0
Number of asset objects unloaded after import = 1
========================================================================
Received Import Request.
  Time since last request: 0.000021 seconds.
  path: Assets/SkySeries Freebie/CasualDay.mat
  artifactKey: Guid(85cf0b004bc4a654b9e501efcce47902) Importer(815301076,1909f56bfc062723c751e8b465ee728b)
Start importing Assets/SkySeries Freebie/CasualDay.mat using Guid(85cf0b004bc4a654b9e501efcce47902) Importer(815301076,1909f56bfc062723c751e8b465ee728b)  -> (artifact id: '4da6d1ca529c18c1d4972b6077e982d2') in 0.029268 seconds
Number of updated asset objects reloaded before import = 0
Number of asset objects unloaded after import = 1
Editor requested this worker to shutdown with reason: Scaling down because of idle timeout
TcpMessagingSession - receive error: operation aborted. errorcode: 995, details: La operacin de E/S se anul por una salida de subproceso o por una solicitud de aplicacin.
AssetImportWorker is now disconnected from the server
Process exiting
Exiting without the bug reporter. Application will terminate with return code 0